10/7/2021 2:40:25 PM : ---web server 4595: running on port 8180---
10/7/2021 2:40:40 PM : -request-
10/7/2021 2:40:40 PM : -request-
10/7/2021 2:40:40 PM : -request-
10/7/2021 2:40:40 PM : -request-
10/7/2021 2:40:40 PM : -request-
10/7/2021 2:40:40 PM : -request-
10/7/2021 2:40:40 PM : -request-
10/7/2021 2:40:44 PM : -request-
10/7/2021 2:41:48 PM : -request-
10/7/2021 2:41:48 PM : sending proxy request...
10/7/2021 2:42:09 PM : -request-
10/7/2021 2:42:09 PM : sending proxy request...
10/7/2021 2:42:09 PM : -request-
10/7/2021 2:42:09 PM : /stat request...
10/7/2021 2:42:09 PM : recieving proxy response...
10/7/2021 2:42:09 PM : sending proxy response...
10/7/2021 2:42:09 PM : proxy response sended
10/7/2021 2:42:12 PM : -request-
10/7/2021 2:42:12 PM : sending proxy request...
10/7/2021 2:42:12 PM : -request-
10/7/2021 2:42:12 PM : /vote request...
10/7/2021 2:42:12 PM : recieving proxy response...
10/7/2021 2:42:12 PM : sending proxy response...
10/7/2021 2:42:12 PM : proxy response sended
10/7/2021 2:42:15 PM : -request-
10/7/2021 2:42:15 PM : sending proxy request...
10/7/2021 2:42:15 PM : -request-
10/7/2021 2:42:15 PM : /stat request...
10/7/2021 2:42:15 PM : recieving proxy response...
10/7/2021 2:42:15 PM : sending proxy response...
10/7/2021 2:42:15 PM : proxy response sended
10/7/2021 2:46:14 PM : ---web server 4595: running on port 8180---
10/7/2021 2:46:20 PM : -request-
10/7/2021 2:46:20 PM : -request-
10/7/2021 2:46:20 PM : -request-
10/7/2021 2:46:20 PM : -request-
10/7/2021 2:46:20 PM : -request-
10/7/2021 2:46:20 PM : -request-
10/7/2021 2:49:12 PM : ---web server 4595: running on port 8180---
10/7/2021 2:49:37 PM : ---web server 4595: running on port 8180---
10/7/2021 2:52:26 PM : ---web server 4595: running on port 8180---
10/7/2021 3:00:55 PM : ---web server 4595: running on port 8180---
10/7/2021 3:03:10 PM : ---web server 4595: running on port 8180---
10/7/2021 5:28:54 PM : -request-
10/7/2021 5:29:13 PM : -request-
10/7/2021 5:29:14 PM : -request-
10/7/2021 5:29:14 PM : -request-
10/7/2021 5:29:14 PM : -request-
10/7/2021 5:33:45 PM : -request-
10/7/2021 5:33:46 PM : -request-
10/7/2021 7:43:22 PM : -request-
10/7/2021 7:43:23 PM : -request-
10/7/2021 7:43:44 PM : -request-
10/7/2021 7:43:44 PM : -request-
10/7/2021 7:43:44 PM : -request-
10/7/2021 7:43:44 PM : -request-
10/7/2021 7:43:44 PM : -request-
10/7/2021 7:43:44 PM : -request-
10/7/2021 7:43:44 PM : -request-
10/7/2021 7:43:47 PM : -request-
10/7/2021 7:43:53 PM : -request-
10/7/2021 7:43:53 PM : sending proxy request...
10/7/2021 7:47:05 PM : -request-
10/7/2021 7:47:05 PM : sending proxy request...
10/7/2021 7:47:07 PM : recieving proxy response...
10/7/2021 7:47:07 PM : sending proxy response...
10/7/2021 7:47:07 PM : proxy response sended
10/7/2021 7:49:31 PM : ---web server 4595: running on port 8180---
10/7/2021 7:51:25 PM : ---web server 4595: running on port 8180---
10/7/2021 7:51:26 PM : ---web server 4595: running on port 8180---
10/7/2021 7:59:30 PM : ---web server 4595: running on port 8180---
10/7/2021 8:13:54 PM : ---web server 4595: running on port 8180---
10/7/2021 8:17:06 PM : ---web server 4595: running on port 8180---
10/7/2021 8:42:03 PM : ---web server 4595: running on port 8180---
10/7/2021 8:43:03 PM : ---web server 4595: running on port 8180---
10/7/2021 8:43:45 PM : ---web server 4595: running on port 8180---
10/7/2021 8:51:07 PM : ---web server 4595: running on port 8180---
10/7/2021 8:53:34 PM : ---web server 4595: running on port 8180---
10/7/2021 9:15:22 PM : ---web server 4595: running on port 8180---
10/7/2021 9:18:08 PM : ---web server 4595: running on port 8180---
10/7/2021 9:19:04 PM : ---web server 4595: running on port 8180---
10/7/2021 9:20:52 PM : ---web server 4595: running on port 8180---
10/7/2021 9:28:36 PM : ---web server 4595: running on port 8180---
10/7/2021 9:43:02 PM : ---web server 4595: running on port 8180---
10/7/2021 9:43:28 PM : -request-
10/7/2021 9:43:28 PM : -request-
10/7/2021 9:43:28 PM : -request-
10/7/2021 9:43:28 PM : -request-
10/7/2021 9:43:28 PM : -request-
10/7/2021 9:43:28 PM : -request-
10/7/2021 9:44:20 PM : ---web server 4595: running on port 8180---
10/7/2021 9:45:34 PM : ---web server 4595: running on port 8180---
10/7/2021 10:08:16 PM : ---web server 4595: running on port 8180---
10/7/2021 10:19:25 PM : ---web server 4595: running on port 8180---
10/7/2021 10:32:16 PM : ---web server 4595: running on port 8180---
10/7/2021 10:32:18 PM : ---web server 4595: running on port 8180---
10/7/2021 10:39:57 PM : ---web server 4595: running on port 8180---
10/7/2021 10:40:04 PM : ---web server 4595: running on port 8180---
10/7/2021 10:40:27 PM : ---web server 4595: running on port 8180---
10/7/2021 10:40:49 PM : ---web server 4595: running on port 8180---
10/7/2021 10:43:19 PM : ---web server 4595: running on port 8180---
10/7/2021 10:45:26 PM : ---web server 4595: running on port 8180---
10/7/2021 10:50:48 PM : ---web server 4595: running on port 8180---
10/7/2021 10:51:02 PM : -request-
10/7/2021 10:51:03 PM : -request-
10/7/2021 10:51:03 PM : -request-
10/7/2021 10:51:03 PM : -request-
10/7/2021 10:51:03 PM : -request-
10/7/2021 10:51:03 PM : -request-
10/7/2021 10:51:05 PM : -request-
10/7/2021 10:51:05 PM : -request-
10/7/2021 10:51:05 PM : -request-
10/7/2021 10:51:05 PM : -request-
10/7/2021 10:51:05 PM : -request-
10/7/2021 10:51:05 PM : -request-
10/7/2021 10:51:08 PM : -request-
10/7/2021 10:51:08 PM : sending proxy request...
10/7/2021 10:51:08 PM : recieving proxy response...
10/7/2021 10:51:08 PM : sending proxy response...
10/7/2021 10:51:08 PM : proxy response sended
10/7/2021 10:51:14 PM : -request-
10/7/2021 10:51:14 PM : sending proxy request...
10/7/2021 10:51:14 PM : -request-
10/7/2021 10:51:14 PM : /stat request...
10/7/2021 10:51:14 PM : recieving proxy response...
10/7/2021 10:51:14 PM : sending proxy response...
10/7/2021 10:51:14 PM : proxy response sended
10/7/2021 10:51:17 PM : -request-
10/7/2021 10:51:17 PM : sending proxy request...
10/7/2021 10:51:18 PM : -request-
10/7/2021 10:51:18 PM : /vote request...
10/7/2021 10:51:18 PM : recieving proxy response...
10/7/2021 10:51:18 PM : sending proxy response...
10/7/2021 10:51:18 PM : proxy response sended
10/7/2021 10:51:19 PM : -request-
10/7/2021 10:51:19 PM : sending proxy request...
10/7/2021 10:51:20 PM : -request-
10/7/2021 10:51:20 PM : /stat request...
10/7/2021 10:51:20 PM : recieving proxy response...
10/7/2021 10:51:20 PM : sending proxy response...
10/7/2021 10:51:20 PM : proxy response sended
10/7/2021 10:52:48 PM : ---web server 4595: running on port 8180---
10/7/2021 10:54:22 PM : -request-
10/7/2021 10:54:22 PM : -request-
10/7/2021 10:54:22 PM : -request-
10/7/2021 10:54:22 PM : -request-
10/7/2021 10:54:22 PM : -request-
10/7/2021 10:54:22 PM : -request-
10/7/2021 10:54:23 PM : -request-
10/7/2021 10:54:23 PM : -request-
10/7/2021 10:54:23 PM : -request-
10/7/2021 10:54:23 PM : -request-
10/7/2021 10:54:23 PM : -request-
10/7/2021 10:54:23 PM : -request-
10/7/2021 10:54:26 PM : -request-
10/7/2021 10:54:26 PM : sending proxy request...
10/7/2021 10:54:26 PM : -request-
10/7/2021 10:54:26 PM : /stat request...
10/7/2021 10:54:26 PM : recieving proxy response...
10/7/2021 10:54:26 PM : sending proxy response...
10/7/2021 10:54:26 PM : proxy response sended
10/7/2021 10:55:20 PM : ---web server 4595: running on port 8180---
10/7/2021 10:55:36 PM : ---web server 4595: running on port 8180---
10/7/2021 10:56:05 PM : -request-
10/7/2021 10:56:05 PM : -request-
10/7/2021 10:56:05 PM : -request-
10/7/2021 10:56:05 PM : -request-
10/7/2021 10:56:05 PM : -request-
10/7/2021 10:56:06 PM : -request-
10/7/2021 10:56:09 PM : -request-
10/7/2021 10:56:09 PM : sending proxy request...
10/7/2021 10:56:09 PM : -request-
10/7/2021 10:56:09 PM : /stat request...
10/7/2021 10:56:09 PM : recieving proxy response...
10/7/2021 10:56:09 PM : sending proxy response...
10/7/2021 10:56:09 PM : proxy response sended
10/7/2021 10:56:14 PM : -request-
10/7/2021 10:56:14 PM : sending proxy request...
10/7/2021 10:57:30 PM : -request-
10/7/2021 10:57:30 PM : -request-
10/7/2021 10:57:30 PM : -request-
10/7/2021 10:57:30 PM : -request-
10/7/2021 10:57:30 PM : -request-
10/7/2021 10:57:30 PM : -request-
10/7/2021 10:57:38 PM : -request-
10/7/2021 10:57:38 PM : sending proxy request...
10/7/2021 10:58:42 PM : ---web server 4595: running on port 8180---
10/7/2021 10:58:45 PM : -request-
10/7/2021 10:58:45 PM : sending proxy request...
10/7/2021 10:58:48 PM : -request-
10/7/2021 10:58:48 PM : sending proxy request...
10/7/2021 10:58:49 PM : -request-
10/7/2021 10:58:49 PM : sending proxy request...
10/7/2021 10:58:49 PM : -request-
10/7/2021 10:58:49 PM : sending proxy request...
10/7/2021 10:58:49 PM : -request-
10/7/2021 10:58:49 PM : sending proxy request...
10/7/2021 10:58:50 PM : -request-
10/7/2021 10:58:50 PM : sending proxy request...
10/7/2021 10:59:13 PM : ---web server 4595: running on port 8180---
10/7/2021 10:59:36 PM : ---web server 4595: running on port 8180---
10/7/2021 10:59:37 PM : -request-
10/7/2021 10:59:37 PM : sending proxy request...
10/7/2021 10:59:45 PM : -request-
10/7/2021 10:59:45 PM : sending proxy request...
10/7/2021 10:59:46 PM : -request-
10/7/2021 10:59:46 PM : sending proxy request...
10/7/2021 11:00:01 PM : ---web server 4595: running on port 8180---
10/7/2021 11:00:01 PM : -request-
10/7/2021 11:00:01 PM : sending proxy request...
10/7/2021 11:00:13 PM : ---web server 4595: running on port 8180---
10/7/2021 11:00:15 PM : -request-
10/7/2021 11:00:15 PM : sending proxy request...
10/7/2021 11:02:25 PM : ---web server 4595: running on port 8180---
10/7/2021 11:02:27 PM : ---web server 4595: running on port 8180---
10/7/2021 11:02:29 PM : -request-
10/7/2021 11:02:29 PM : sending proxy request...
10/7/2021 11:02:53 PM : ---web server 4595: running on port 8180---
10/7/2021 11:02:53 PM : -request-
10/7/2021 11:02:53 PM : sending proxy request...
10/7/2021 11:03:01 PM : ---web server 4595: running on port 8180---
10/7/2021 11:03:03 PM : -request-
10/7/2021 11:03:03 PM : sending proxy request...
10/7/2021 11:03:08 PM : ---web server 4595: running on port 8180---
10/7/2021 11:03:09 PM : -request-
10/7/2021 11:03:09 PM : sending proxy request...
10/7/2021 11:03:54 PM : ---web server 4595: running on port 8180---
10/7/2021 11:03:55 PM : -request-
10/7/2021 11:03:55 PM : sending proxy request...
10/7/2021 11:05:11 PM : -request-
10/7/2021 11:05:12 PM : -request-
10/7/2021 11:05:12 PM : -request-
10/7/2021 11:05:12 PM : -request-
10/7/2021 11:05:12 PM : -request-
10/7/2021 11:05:12 PM : -request-
10/7/2021 11:05:18 PM : -request-
10/7/2021 11:05:18 PM : sending proxy request...
10/7/2021 11:05:18 PM : -request-
10/7/2021 11:05:18 PM : /stat request...
10/7/2021 11:05:18 PM : recieving proxy response...
10/7/2021 11:05:18 PM : sending proxy response...
10/7/2021 11:05:18 PM : proxy response sended
10/7/2021 11:05:22 PM : -request-
10/7/2021 11:05:22 PM : sending proxy request...
10/7/2021 11:05:56 PM : ---web server 4595: running on port 8180---
10/7/2021 11:05:59 PM : -request-
10/7/2021 11:05:59 PM : sending proxy request...
10/7/2021 11:07:26 PM : ---web server 4595: running on port 8180---
10/7/2021 11:07:38 PM : ---web server 4595: running on port 8180---
10/7/2021 11:07:40 PM : -request-
10/7/2021 11:07:40 PM : sending proxy request...
10/7/2021 11:10:14 PM : ---web server 4595: running on port 8180---
10/7/2021 11:10:16 PM : -request-
10/7/2021 11:10:16 PM : sending proxy request...
10/7/2021 11:10:18 PM : -request-
10/7/2021 11:10:18 PM : sending proxy request...
10/7/2021 11:10:19 PM : -request-
10/7/2021 11:10:19 PM : sending proxy request...
10/7/2021 11:10:19 PM : -request-
10/7/2021 11:10:19 PM : sending proxy request...
10/7/2021 11:11:24 PM : ---web server 4595: running on port 8180---
10/7/2021 11:11:25 PM : -request-
10/7/2021 11:11:25 PM : sending proxy request...
10/7/2021 11:11:40 PM : ---web server 4595: running on port 8180---
10/7/2021 11:11:41 PM : -request-
10/7/2021 11:11:41 PM : sending proxy request...
10/7/2021 11:11:42 PM : -request-
10/7/2021 11:11:42 PM : sending proxy request...
10/7/2021 11:12:08 PM : -request-
10/7/2021 11:12:09 PM : -request-
10/7/2021 11:12:09 PM : -request-
10/7/2021 11:12:09 PM : -request-
10/7/2021 11:12:09 PM : -request-
10/7/2021 11:12:09 PM : -request-
10/7/2021 11:12:12 PM : -request-
10/7/2021 11:12:12 PM : sending proxy request...
10/7/2021 11:12:12 PM : -request-
10/7/2021 11:12:12 PM : /stat request...
10/7/2021 11:12:12 PM : recieving proxy response...
10/7/2021 11:12:12 PM : sending proxy response...
10/7/2021 11:12:12 PM : proxy response sended
10/7/2021 11:12:18 PM : -request-
10/7/2021 11:12:18 PM : sending proxy request...
10/7/2021 11:12:51 PM : ---web server 4595: running on port 8180---
10/7/2021 11:13:21 PM : -request-
10/7/2021 11:13:21 PM : sending proxy request...
10/7/2021 11:13:26 PM : -request-
10/7/2021 11:13:26 PM : sending proxy request...
10/7/2021 11:13:28 PM : -request-
10/7/2021 11:13:28 PM : -request-
10/7/2021 11:13:28 PM : -request-
10/7/2021 11:13:28 PM : -request-
10/7/2021 11:13:28 PM : -request-
10/7/2021 11:13:28 PM : -request-
10/7/2021 11:13:32 PM : -request-
10/7/2021 11:13:32 PM : sending proxy request...
10/7/2021 11:15:25 PM : -request-
10/7/2021 11:16:21 PM : -request-
10/7/2021 11:16:21 PM : options request
10/7/2021 11:16:21 PM : -request-
10/7/2021 11:16:21 PM : sending proxy request...
10/7/2021 11:18:01 PM : ---web server 4595: running on port 8180---
10/7/2021 11:18:03 PM : -request-
10/7/2021 11:18:03 PM : options request
10/7/2021 11:18:03 PM : -request-
10/7/2021 11:18:03 PM : sending proxy request...
10/7/2021 11:18:05 PM : -request-
10/7/2021 11:18:05 PM : options request
10/7/2021 11:18:05 PM : -request-
10/7/2021 11:18:05 PM : sending proxy request...
10/7/2021 11:18:58 PM : options request
10/7/2021 11:18:58 PM : -request-
10/7/2021 11:18:59 PM : -request-
10/7/2021 11:18:59 PM : sending proxy request...
10/7/2021 11:19:00 PM : -request-
10/7/2021 11:19:00 PM : options request
10/7/2021 11:19:00 PM : -request-
10/7/2021 11:19:00 PM : sending proxy request...
10/7/2021 11:19:01 PM : -request-
10/7/2021 11:19:01 PM : options request
10/7/2021 11:19:01 PM : -request-
10/7/2021 11:19:01 PM : sending proxy request...
10/7/2021 11:19:09 PM : -request-
10/7/2021 11:19:09 PM : options request
10/7/2021 11:19:09 PM : -request-
10/7/2021 11:19:09 PM : sending proxy request...
10/7/2021 11:19:24 PM : -request-
10/7/2021 11:19:24 PM : options request
10/7/2021 11:19:24 PM : -request-
10/7/2021 11:19:24 PM : sending proxy request...
10/7/2021 11:20:47 PM : -request-
10/7/2021 11:20:47 PM : options request
10/7/2021 11:20:47 PM : -request-
10/7/2021 11:20:47 PM : sending proxy request...
10/7/2021 11:20:51 PM : -request-
10/7/2021 11:20:51 PM : options request
10/7/2021 11:20:51 PM : -request-
10/7/2021 11:20:51 PM : sending proxy request...
10/7/2021 11:20:58 PM : -request-
10/7/2021 11:20:58 PM : options request
10/7/2021 11:20:58 PM : -request-
10/7/2021 11:20:58 PM : sending proxy request...
10/7/2021 11:21:00 PM : -request-
10/7/2021 11:21:00 PM : options request
10/7/2021 11:21:00 PM : -request-
10/7/2021 11:21:00 PM : sending proxy request...
10/7/2021 11:21:02 PM : -request-
10/7/2021 11:21:02 PM : options request
10/7/2021 11:21:02 PM : -request-
10/7/2021 11:21:02 PM : sending proxy request...
10/7/2021 11:22:34 PM : -request-
10/7/2021 11:22:34 PM : options request
10/7/2021 11:22:34 PM : -request-
10/7/2021 11:22:34 PM : sending proxy request...
10/7/2021 11:23:38 PM : -request-
10/7/2021 11:23:38 PM : options request
10/7/2021 11:23:38 PM : -request-
10/7/2021 11:23:38 PM : sending proxy request...
10/7/2021 11:24:48 PM : -request-
10/7/2021 11:24:48 PM : options request
10/7/2021 11:24:48 PM : -request-
10/7/2021 11:24:48 PM : sending proxy request...
10/7/2021 11:25:27 PM : -request-
10/7/2021 11:25:27 PM : options request
10/7/2021 11:25:27 PM : -request-
10/7/2021 11:25:27 PM : sending proxy request...
10/7/2021 11:26:13 PM : -request-
10/7/2021 11:26:13 PM : options request
10/7/2021 11:26:13 PM : -request-
10/7/2021 11:26:13 PM : sending proxy request...
10/7/2021 11:27:27 PM : -request-
10/7/2021 11:27:27 PM : options request
10/7/2021 11:27:27 PM : -request-
10/7/2021 11:27:27 PM : sending proxy request...
10/7/2021 11:27:58 PM : -request-
10/7/2021 11:27:58 PM : options request
10/7/2021 11:27:58 PM : -request-
10/7/2021 11:27:58 PM : sending proxy request...
10/7/2021 11:27:58 PM : -request-
10/7/2021 11:27:58 PM : /stat request...
10/7/2021 11:27:58 PM : recieving proxy response...
10/7/2021 11:27:58 PM : sending proxy response...
10/7/2021 11:27:58 PM : proxy response sended
10/7/2021 11:28:02 PM : -request-
10/7/2021 11:28:02 PM : options request
10/7/2021 11:28:02 PM : -request-
10/7/2021 11:28:02 PM : sending proxy request...
10/7/2021 11:28:08 PM : -request-
10/7/2021 11:28:08 PM : options request
10/7/2021 11:28:08 PM : -request-
10/7/2021 11:28:08 PM : sending proxy request...
10/7/2021 11:28:58 PM : -request-
10/7/2021 11:28:58 PM : options request
10/7/2021 11:28:58 PM : -request-
10/7/2021 11:28:58 PM : sending proxy request...
10/7/2021 11:28:58 PM : -request-
10/7/2021 11:28:58 PM : /vote request...
10/7/2021 11:28:58 PM : recieving proxy response...
10/7/2021 11:28:58 PM : sending proxy response...
10/7/2021 11:28:58 PM : proxy response sended
10/7/2021 11:29:01 PM : -request-
10/7/2021 11:29:01 PM : options request
10/7/2021 11:29:01 PM : -request-
10/7/2021 11:29:01 PM : sending proxy request...
10/7/2021 11:29:01 PM : -request-
10/7/2021 11:29:01 PM : /stat request...
10/7/2021 11:29:01 PM : recieving proxy response...
10/7/2021 11:29:01 PM : sending proxy response...
10/7/2021 11:29:01 PM : proxy response sended
10/7/2021 11:30:41 PM : ---web server 4595: running on port 8180---
10/7/2021 11:30:42 PM : -request-
10/7/2021 11:30:42 PM : -request-
10/7/2021 11:30:42 PM : -request-
10/7/2021 11:30:42 PM : -request-
10/7/2021 11:30:42 PM : -request-
10/7/2021 11:30:42 PM : -request-
10/7/2021 11:30:45 PM : -request-
10/7/2021 11:30:45 PM : sending proxy request...
10/7/2021 11:30:45 PM : -request-
10/7/2021 11:30:45 PM : /stat request...
10/7/2021 11:30:45 PM : recieving proxy response...
10/7/2021 11:30:45 PM : sending proxy response...
10/7/2021 11:30:45 PM : proxy response sended
10/7/2021 11:30:49 PM : -request-
10/7/2021 11:30:49 PM : sending proxy request...
10/7/2021 11:30:56 PM : -request-
10/7/2021 11:30:56 PM : sending proxy request...
10/7/2021 11:31:03 PM : -request-
10/7/2021 11:31:03 PM : sending proxy request...
10/7/2021 11:31:03 PM : recieving proxy response...
10/7/2021 11:31:03 PM : sending proxy response...
10/7/2021 11:31:03 PM : proxy response sended
10/7/2021 11:31:56 PM : ---web server 4595: running on port 8180---
10/7/2021 11:32:11 PM : -request-
10/7/2021 11:32:11 PM : -request-
10/7/2021 11:32:11 PM : -request-
10/7/2021 11:32:11 PM : -request-
10/7/2021 11:32:11 PM : -request-
10/7/2021 11:32:11 PM : -request-
10/7/2021 11:32:14 PM : -request-
10/7/2021 11:32:14 PM : sending proxy request...
10/7/2021 11:32:14 PM : -request-
10/7/2021 11:32:14 PM : /stat request...
10/7/2021 11:32:14 PM : recieving proxy response...
10/7/2021 11:32:14 PM : sending proxy response...
10/7/2021 11:32:14 PM : proxy response sended
10/7/2021 11:32:16 PM : -request-
10/7/2021 11:32:16 PM : sending proxy request...
10/7/2021 11:32:16 PM : -request-
10/7/2021 11:32:16 PM : /stat request...
10/7/2021 11:32:17 PM : recieving proxy response...
10/7/2021 11:32:17 PM : sending proxy response...
10/7/2021 11:32:17 PM : proxy response sended
10/7/2021 11:32:19 PM : -request-
10/7/2021 11:32:19 PM : sending proxy request...
10/7/2021 11:38:14 PM : -request-
10/7/2021 11:38:14 PM : -request-
10/7/2021 11:38:14 PM : -request-
10/7/2021 11:38:14 PM : -request-
10/7/2021 11:38:14 PM : -request-
10/7/2021 11:38:17 PM : -request-
10/7/2021 11:38:17 PM : sending proxy request...
10/7/2021 11:38:17 PM : -request-
10/7/2021 11:38:17 PM : /stat request...
10/7/2021 11:38:17 PM : recieving proxy response...
10/7/2021 11:38:17 PM : sending proxy response...
10/7/2021 11:38:17 PM : proxy response sended
10/7/2021 11:38:22 PM : -request-
10/7/2021 11:38:22 PM : sending proxy request...
10/8/2021 2:30:00 AM : -request-
10/8/2021 8:54:18 AM : -request-
10/8/2021 8:54:18 AM : -request-
10/8/2021 8:54:18 AM : -request-
10/8/2021 8:54:18 AM : -request-
10/8/2021 8:54:18 AM : -request-
10/8/2021 8:54:18 AM : -request-
10/8/2021 8:54:59 AM : -request-
10/8/2021 8:54:59 AM : sending proxy request...
10/8/2021 8:54:59 AM : recieving proxy response...
10/8/2021 8:54:59 AM : sending proxy response...
10/8/2021 8:54:59 AM : proxy response sended
10/8/2021 8:55:19 AM : -request-
10/8/2021 8:55:19 AM : sending proxy request...
10/8/2021 8:55:19 AM : -request-
10/8/2021 8:55:19 AM : /vote request...
10/8/2021 8:55:19 AM : recieving proxy response...
10/8/2021 8:55:19 AM : sending proxy response...
10/8/2021 8:55:19 AM : proxy response sended
10/8/2021 9:00:16 AM : -request-
10/8/2021 9:00:26 AM : -request-
10/8/2021 9:00:26 AM : sending proxy request...
10/8/2021 9:00:26 AM : -request-
10/8/2021 9:00:26 AM : /vote request...
10/8/2021 9:00:26 AM : recieving proxy response...
10/8/2021 9:00:26 AM : sending proxy response...
10/8/2021 9:00:26 AM : proxy response sended
10/8/2021 9:00:43 AM : -request-
10/8/2021 9:00:43 AM : sending proxy request...
10/8/2021 9:00:43 AM : recieving proxy response...
10/8/2021 9:00:43 AM : sending proxy response...
10/8/2021 9:00:43 AM : proxy response sended
10/8/2021 7:40:49 PM : -request-
10/8/2021 7:40:49 PM : -request-
10/8/2021 7:40:49 PM : -request-
10/8/2021 7:40:49 PM : -request-
10/9/2021 9:31:16 AM : -request-
10/9/2021 9:31:16 AM : -request-
10/9/2021 9:31:16 AM : -request-
10/9/2021 9:31:16 AM : -request-
10/9/2021 10:10:16 AM : -request-
10/11/2021 2:14:15 PM : -request-
10/11/2021 5:27:19 PM : -request-
