10/13/2021 7:28:28 PM : ---web server 5695: running on port 8180---
10/13/2021 7:31:09 PM : ---web server 5695: running on port 8180---
10/13/2021 7:31:32 PM : ---web server 5695: running on port 8180---
10/13/2021 7:34:12 PM : ---web server 5695: running on port 8180---
10/13/2021 7:38:14 PM : ---web server 5695: running on port 8180---
10/13/2021 7:40:31 PM : ---web server 5695: running on port 8180---
10/13/2021 7:42:25 PM : ---web server 5695: running on port 8180---
10/13/2021 7:51:46 PM : ---web server 5695: running on port 8180---
10/13/2021 8:11:16 PM : ---web server 5695: running on port 8180---
10/13/2021 8:11:16 PM : -request-
10/13/2021 8:11:16 PM : -request-
10/13/2021 8:11:17 PM : -request-
10/13/2021 8:11:17 PM : -request-
10/13/2021 8:11:17 PM : -request-
10/13/2021 8:14:03 PM : ---web server 5695: running on port 8180---
10/13/2021 8:14:06 PM : -request-
10/13/2021 8:14:06 PM : -request-
10/13/2021 8:14:06 PM : -request-
10/13/2021 8:14:06 PM : -request-
10/13/2021 8:15:41 PM : ---web server 5695: running on port 8180---
10/13/2021 8:15:47 PM : -request-
10/13/2021 8:15:47 PM : -request-
10/13/2021 8:15:47 PM : -request-
10/13/2021 8:15:47 PM : -request-
10/13/2021 8:21:35 PM : ---web server 5695: running on port 8180---
10/13/2021 8:22:13 PM : -request-
10/13/2021 8:22:13 PM : -request-
10/13/2021 8:22:13 PM : -request-
10/13/2021 8:22:13 PM : -request-
10/13/2021 8:25:01 PM : ---web server 5695: running on port 8180---
10/13/2021 8:25:04 PM : -request-
10/13/2021 8:25:04 PM : -request-
10/13/2021 8:25:04 PM : -request-
10/13/2021 8:25:05 PM : -request-
10/13/2021 8:25:05 PM : /получение списка файлов...
10/13/2021 8:27:01 PM : ---web server 5695: running on port 8180---
10/13/2021 8:27:04 PM : -request-
10/13/2021 8:27:04 PM : -request-
10/13/2021 8:27:04 PM : -request-
10/13/2021 8:27:04 PM : -request-
10/13/2021 8:27:04 PM : /получение списка файлов...
10/13/2021 8:27:48 PM : ---web server 5695: running on port 8180---
10/13/2021 8:27:50 PM : -request-
10/13/2021 8:27:51 PM : -request-
10/13/2021 8:27:51 PM : -request-
10/13/2021 8:27:51 PM : -request-
10/13/2021 8:27:51 PM : /получение списка файлов...
10/13/2021 8:28:24 PM : ---web server 5695: running on port 8180---
10/13/2021 8:28:37 PM : ---web server 5695: running on port 8180---
10/13/2021 8:28:42 PM : -request-
10/13/2021 8:28:42 PM : -request-
10/13/2021 8:28:42 PM : -request-
10/13/2021 8:28:42 PM : -request-
10/13/2021 8:28:42 PM : /получение списка файлов...
10/13/2021 8:29:17 PM : ---web server 5695: running on port 8180---
10/13/2021 8:29:20 PM : -request-
10/13/2021 8:29:20 PM : -request-
10/13/2021 8:29:20 PM : -request-
10/13/2021 8:29:20 PM : -request-
10/13/2021 8:29:20 PM : /получение списка файлов...
10/13/2021 8:29:49 PM : ---web server 5695: running on port 8180---
10/13/2021 8:29:54 PM : -request-
10/13/2021 8:29:54 PM : -request-
10/13/2021 8:29:54 PM : -request-
10/13/2021 8:29:54 PM : -request-
10/13/2021 8:29:54 PM : /получение списка файлов...
10/13/2021 8:32:47 PM : ---web server 5695: running on port 8180---
10/13/2021 8:32:52 PM : -request-
10/13/2021 8:32:53 PM : -request-
10/13/2021 8:32:53 PM : -request-
10/13/2021 8:32:53 PM : -request-
10/13/2021 8:32:53 PM : /получение списка файлов...
10/13/2021 8:34:24 PM : ---web server 5695: running on port 8180---
10/13/2021 8:34:28 PM : -request-
10/13/2021 8:34:28 PM : -request-
10/13/2021 8:34:28 PM : -request-
10/13/2021 8:34:28 PM : -request-
10/13/2021 8:34:28 PM : /получение списка файлов...
10/13/2021 8:43:37 PM : ---web server 5695: running on port 8180---
10/13/2021 8:44:24 PM : ---web server 5695: running on port 8180---
10/13/2021 8:44:30 PM : -request-
10/13/2021 8:44:30 PM : -request-
10/13/2021 8:44:30 PM : -request-
10/13/2021 8:44:30 PM : -request-
10/13/2021 8:44:30 PM : запрос списка файлов из базы ...
10/13/2021 8:49:47 PM : -request-
10/13/2021 8:49:47 PM : -request-
10/13/2021 8:49:47 PM : -request-
10/13/2021 8:49:47 PM : -request-
10/13/2021 8:49:47 PM : запрос списка файлов из базы ...
10/13/2021 8:50:44 PM : -request-
10/13/2021 8:50:44 PM : -request-
10/13/2021 8:50:44 PM : -request-
10/13/2021 8:50:44 PM : -request-
10/13/2021 8:50:44 PM : запрос списка файлов из базы ...
10/13/2021 9:22:22 PM : ---web server 5695: running on port 8180---
10/13/2021 9:22:28 PM : ---web server 5695: running on port 8180---
10/13/2021 9:22:31 PM : -request-
10/13/2021 9:22:31 PM : -request-
10/13/2021 9:22:31 PM : -request-
10/13/2021 9:22:31 PM : -request-
10/13/2021 9:22:31 PM : запрос списка файлов из базы ...
10/13/2021 9:23:22 PM : -request-
10/13/2021 9:23:22 PM : -request-
10/13/2021 9:23:22 PM : -request-
10/13/2021 9:23:22 PM : -request-
10/13/2021 9:23:22 PM : запрос списка файлов из базы ...
10/13/2021 9:45:46 PM : ---web server 5695: running on port 8180---
10/13/2021 9:45:49 PM : -request-
10/13/2021 9:45:49 PM : -request-
10/13/2021 9:45:49 PM : -request-
10/13/2021 9:45:49 PM : -request-
10/13/2021 9:45:49 PM : запрос списка файлов из базы ...
10/13/2021 9:46:03 PM : ---web server 5695: running on port 8180---
10/13/2021 9:46:06 PM : -request-
10/13/2021 9:46:06 PM : -request-
10/13/2021 9:46:06 PM : -request-
10/13/2021 9:46:06 PM : -request-
10/13/2021 9:46:06 PM : запрос списка файлов из базы ...
10/13/2021 9:46:34 PM : ---web server 5695: running on port 8180---
10/13/2021 9:46:37 PM : -request-
10/13/2021 9:46:37 PM : -request-
10/13/2021 9:46:37 PM : -request-
10/13/2021 9:46:37 PM : -request-
10/13/2021 9:46:37 PM : запрос списка файлов из базы ...
10/13/2021 9:47:42 PM : ---web server 5695: running on port 8180---
10/13/2021 9:47:56 PM : ---web server 5695: running on port 8180---
10/13/2021 9:48:01 PM : -request-
10/13/2021 9:48:01 PM : -request-
10/13/2021 9:48:01 PM : -request-
10/13/2021 9:48:01 PM : -request-
10/13/2021 9:48:01 PM : запрос списка файлов из базы ...
10/13/2021 9:48:24 PM : ---web server 5695: running on port 8180---
10/13/2021 9:48:25 PM : -request-
10/13/2021 9:48:26 PM : -request-
10/13/2021 9:48:26 PM : -request-
10/13/2021 9:48:26 PM : -request-
10/13/2021 9:48:26 PM : запрос списка файлов из базы ...
10/13/2021 9:49:01 PM : ---web server 5695: running on port 8180---
10/13/2021 9:49:03 PM : -request-
10/13/2021 9:49:03 PM : -request-
10/13/2021 9:49:03 PM : -request-
10/13/2021 9:49:03 PM : -request-
10/13/2021 9:49:03 PM : запрос списка файлов из базы ...
10/13/2021 9:49:35 PM : ---web server 5695: running on port 8180---
10/13/2021 9:49:37 PM : -request-
10/13/2021 9:49:37 PM : -request-
10/13/2021 9:49:37 PM : -request-
10/13/2021 9:49:37 PM : -request-
10/13/2021 9:49:37 PM : запрос списка файлов из базы ...
10/13/2021 9:50:28 PM : ---web server 5695: running on port 8180---
10/13/2021 9:50:30 PM : -request-
10/13/2021 9:50:30 PM : -request-
10/13/2021 9:50:30 PM : -request-
10/13/2021 9:50:30 PM : -request-
10/13/2021 9:50:30 PM : запрос списка файлов из базы ...
10/13/2021 9:50:56 PM : ---web server 5695: running on port 8180---
10/13/2021 9:50:59 PM : -request-
10/13/2021 9:50:59 PM : -request-
10/13/2021 9:50:59 PM : -request-
10/13/2021 9:50:59 PM : -request-
10/13/2021 9:50:59 PM : запрос списка файлов из базы ...
10/13/2021 9:54:05 PM : ---web server 5695: running on port 8180---
10/13/2021 9:54:10 PM : -request-
10/13/2021 9:54:10 PM : -request-
10/13/2021 9:54:10 PM : -request-
10/13/2021 9:54:10 PM : -request-
10/13/2021 9:54:10 PM : запрос списка файлов из базы ...
10/13/2021 9:54:53 PM : ---web server 5695: running on port 8180---
10/13/2021 9:54:58 PM : -request-
10/13/2021 9:54:58 PM : -request-
10/13/2021 9:54:58 PM : -request-
10/13/2021 9:54:58 PM : -request-
10/13/2021 9:54:58 PM : запрос списка файлов из базы ...
10/13/2021 9:55:22 PM : ---web server 5695: running on port 8180---
10/13/2021 9:55:25 PM : -request-
10/13/2021 9:55:25 PM : -request-
10/13/2021 9:55:25 PM : -request-
10/13/2021 9:55:25 PM : -request-
10/13/2021 9:55:25 PM : запрос списка файлов из базы ...
10/13/2021 9:59:58 PM : ---web server 5695: running on port 8180---
10/13/2021 10:00:01 PM : -request-
10/13/2021 10:00:01 PM : -request-
10/13/2021 10:00:01 PM : -request-
10/13/2021 10:00:01 PM : -request-
10/13/2021 10:00:01 PM : запрос списка файлов из базы ...
10/13/2021 10:00:44 PM : ---web server 5695: running on port 8180---
10/13/2021 10:05:14 PM : -request-
10/13/2021 10:05:14 PM : -request-
10/13/2021 10:05:14 PM : -request-
10/13/2021 10:05:14 PM : -request-
10/13/2021 10:05:14 PM : запрос списка файлов из базы ...
10/13/2021 10:06:02 PM : -request-
10/13/2021 10:06:02 PM : -request-
10/13/2021 10:06:02 PM : -request-
10/13/2021 10:06:02 PM : -request-
10/13/2021 10:06:02 PM : запрос списка файлов из базы ...
10/13/2021 10:07:08 PM : -request-
10/13/2021 10:07:08 PM : -request-
10/13/2021 10:07:08 PM : -request-
10/13/2021 10:07:09 PM : -request-
10/13/2021 10:07:09 PM : запрос списка файлов из базы ...
10/13/2021 10:08:39 PM : -request-
10/13/2021 10:08:39 PM : -request-
10/13/2021 10:08:39 PM : -request-
10/13/2021 10:08:39 PM : -request-
10/13/2021 10:08:39 PM : запрос списка файлов из базы ...
10/13/2021 10:09:48 PM : -request-
10/13/2021 10:09:48 PM : -request-
10/13/2021 10:09:48 PM : -request-
10/13/2021 10:09:48 PM : -request-
10/13/2021 10:09:48 PM : запрос списка файлов из базы ...
10/13/2021 10:10:21 PM : -request-
10/13/2021 10:10:21 PM : -request-
10/13/2021 10:10:21 PM : -request-
10/13/2021 10:10:21 PM : -request-
10/13/2021 10:10:21 PM : запрос списка файлов из базы ...
10/13/2021 10:10:36 PM : -request-
10/13/2021 10:10:36 PM : -request-
10/13/2021 10:10:36 PM : -request-
10/13/2021 10:10:36 PM : -request-
10/13/2021 10:10:36 PM : запрос списка файлов из базы ...
10/13/2021 10:10:54 PM : -request-
10/13/2021 10:10:54 PM : -request-
10/13/2021 10:10:54 PM : -request-
10/13/2021 10:10:54 PM : -request-
10/13/2021 10:10:54 PM : запрос списка файлов из базы ...
10/13/2021 10:11:22 PM : -request-
10/13/2021 10:11:22 PM : -request-
10/13/2021 10:11:22 PM : -request-
10/13/2021 10:11:22 PM : -request-
10/13/2021 10:11:22 PM : запрос списка файлов из базы ...
10/13/2021 10:11:53 PM : -request-
10/13/2021 10:11:53 PM : -request-
10/13/2021 10:11:53 PM : -request-
10/13/2021 10:11:53 PM : -request-
10/13/2021 10:11:53 PM : запрос списка файлов из базы ...
10/13/2021 10:15:10 PM : -request-
10/13/2021 10:15:10 PM : -request-
10/13/2021 10:15:10 PM : -request-
10/13/2021 10:15:10 PM : -request-
10/13/2021 10:15:10 PM : запрос списка файлов из базы ...
10/13/2021 10:16:01 PM : -request-
10/13/2021 10:16:01 PM : -request-
10/13/2021 10:16:01 PM : -request-
10/13/2021 10:16:01 PM : -request-
10/13/2021 10:16:01 PM : запрос списка файлов из базы ...
10/13/2021 10:16:20 PM : -request-
10/13/2021 10:16:20 PM : -request-
10/13/2021 10:16:20 PM : -request-
10/13/2021 10:16:20 PM : -request-
10/13/2021 10:16:20 PM : запрос списка файлов из базы ...
10/13/2021 10:16:35 PM : -request-
10/13/2021 10:16:35 PM : -request-
10/13/2021 10:16:35 PM : -request-
10/13/2021 10:16:35 PM : -request-
10/13/2021 10:16:35 PM : запрос списка файлов из базы ...
10/13/2021 10:17:20 PM : -request-
10/13/2021 10:17:20 PM : -request-
10/13/2021 10:17:20 PM : -request-
10/13/2021 10:17:20 PM : -request-
10/13/2021 10:17:20 PM : запрос списка файлов из базы ...
10/13/2021 10:17:30 PM : -request-
10/13/2021 10:17:31 PM : -request-
10/13/2021 10:17:31 PM : -request-
10/13/2021 10:17:31 PM : -request-
10/13/2021 10:17:31 PM : запрос списка файлов из базы ...
10/13/2021 10:17:56 PM : -request-
10/13/2021 10:17:56 PM : -request-
10/13/2021 10:17:56 PM : -request-
10/13/2021 10:17:56 PM : -request-
10/13/2021 10:17:56 PM : запрос списка файлов из базы ...
10/13/2021 10:18:19 PM : ---web server 5695: running on port 8180---
10/13/2021 10:18:20 PM : -request-
10/13/2021 10:18:20 PM : -request-
10/13/2021 10:18:20 PM : -request-
10/13/2021 10:18:20 PM : -request-
10/13/2021 10:18:20 PM : запрос списка файлов из базы ...
10/13/2021 10:18:51 PM : -request-
10/13/2021 10:18:51 PM : -request-
10/13/2021 10:18:51 PM : -request-
10/13/2021 10:18:51 PM : -request-
10/13/2021 10:18:51 PM : запрос списка файлов из базы ...
10/13/2021 10:19:30 PM : -request-
10/13/2021 10:19:30 PM : -request-
10/13/2021 10:19:30 PM : -request-
10/13/2021 10:19:30 PM : -request-
10/13/2021 10:19:30 PM : запрос списка файлов из базы ...
10/13/2021 10:20:17 PM : -request-
10/13/2021 10:20:17 PM : -request-
10/13/2021 10:20:17 PM : -request-
10/13/2021 10:20:18 PM : -request-
10/13/2021 10:20:18 PM : запрос списка файлов из базы ...
10/13/2021 10:25:35 PM : ---web server 5695: running on port 8180---
10/13/2021 10:25:39 PM : -request-
10/13/2021 10:25:39 PM : -request-
10/13/2021 10:25:39 PM : -request-
10/13/2021 10:25:39 PM : -request-
10/13/2021 10:25:39 PM : запрос списка файлов из базы ...
10/13/2021 10:25:49 PM : -request-
10/13/2021 10:26:19 PM : -request-
10/13/2021 10:26:19 PM : -request-
10/13/2021 10:26:19 PM : -request-
10/13/2021 10:26:19 PM : -request-
10/13/2021 10:26:19 PM : запрос списка файлов из базы ...
10/13/2021 10:26:24 PM : -request-
10/13/2021 10:27:36 PM : -request-
10/13/2021 10:27:36 PM : -request-
10/13/2021 10:27:36 PM : -request-
10/13/2021 10:27:36 PM : -request-
10/13/2021 10:27:36 PM : запрос списка файлов из базы ...
10/13/2021 10:28:00 PM : -request-
10/13/2021 10:28:00 PM : -request-
10/13/2021 10:28:00 PM : -request-
10/13/2021 10:28:01 PM : -request-
10/13/2021 10:28:01 PM : запрос списка файлов из базы ...
10/13/2021 10:32:12 PM : -request-
10/13/2021 10:32:12 PM : -request-
10/13/2021 10:32:12 PM : -request-
10/13/2021 10:32:13 PM : -request-
10/13/2021 10:32:13 PM : запрос списка файлов из базы ...
10/13/2021 10:33:13 PM : -request-
10/13/2021 10:33:13 PM : -request-
10/13/2021 10:33:13 PM : -request-
10/13/2021 10:33:13 PM : -request-
10/13/2021 10:33:13 PM : запрос списка файлов из базы ...
10/13/2021 10:33:41 PM : -request-
10/13/2021 10:33:41 PM : -request-
10/13/2021 10:33:41 PM : -request-
10/13/2021 10:33:41 PM : -request-
10/13/2021 10:33:41 PM : запрос списка файлов из базы ...
10/13/2021 10:33:44 PM : -request-
10/13/2021 10:34:55 PM : -request-
10/13/2021 10:34:55 PM : -request-
10/13/2021 10:34:55 PM : -request-
10/13/2021 10:34:56 PM : -request-
10/13/2021 10:34:56 PM : запрос списка файлов из базы ...
10/13/2021 10:35:30 PM : -request-
10/13/2021 10:35:30 PM : -request-
10/13/2021 10:35:30 PM : -request-
10/13/2021 10:35:30 PM : -request-
10/13/2021 10:35:30 PM : запрос списка файлов из базы ...
10/13/2021 10:36:13 PM : -request-
10/13/2021 10:36:13 PM : -request-
10/13/2021 10:36:13 PM : -request-
10/13/2021 10:36:14 PM : -request-
10/13/2021 10:36:14 PM : запрос списка файлов из базы ...
10/13/2021 10:36:44 PM : -request-
10/13/2021 10:40:38 PM : -request-
10/13/2021 10:40:39 PM : -request-
10/13/2021 10:40:39 PM : -request-
10/13/2021 10:40:39 PM : -request-
10/13/2021 10:40:39 PM : запрос списка файлов из базы ...
10/13/2021 10:40:52 PM : -request-
10/13/2021 10:40:52 PM : -request-
10/13/2021 10:40:52 PM : -request-
10/13/2021 10:40:53 PM : -request-
10/13/2021 10:40:53 PM : запрос списка файлов из базы ...
10/13/2021 10:40:58 PM : -request-
10/13/2021 10:46:27 PM : -request-
10/13/2021 10:46:28 PM : -request-
10/13/2021 10:46:28 PM : -request-
10/13/2021 10:46:28 PM : -request-
10/13/2021 10:46:28 PM : запрос списка файлов из базы ...
10/13/2021 10:48:18 PM : -request-
10/13/2021 10:48:18 PM : -request-
10/13/2021 10:48:18 PM : -request-
10/13/2021 10:48:18 PM : -request-
10/13/2021 10:48:18 PM : запрос списка файлов из базы ...
10/13/2021 10:48:31 PM : -request-
10/13/2021 10:48:31 PM : -request-
10/13/2021 10:48:31 PM : -request-
10/13/2021 10:48:31 PM : -request-
10/13/2021 10:48:31 PM : запрос списка файлов из базы ...
10/13/2021 10:48:37 PM : ---web server 5695: running on port 8180---
10/13/2021 10:48:38 PM : -request-
10/13/2021 10:48:38 PM : -request-
10/13/2021 10:48:38 PM : -request-
10/13/2021 10:48:38 PM : -request-
10/13/2021 10:48:38 PM : запрос списка файлов из базы ...
10/13/2021 10:49:12 PM : -request-
10/13/2021 10:49:12 PM : -request-
10/13/2021 10:49:12 PM : -request-
10/13/2021 10:49:12 PM : -request-
10/13/2021 10:49:12 PM : запрос списка файлов из базы ...
10/13/2021 10:50:02 PM : -request-
10/13/2021 10:50:03 PM : -request-
10/13/2021 10:50:03 PM : -request-
10/13/2021 10:50:03 PM : -request-
10/13/2021 10:50:03 PM : запрос списка файлов из базы ...
10/13/2021 10:50:14 PM : -request-
10/13/2021 10:50:14 PM : -request-
10/13/2021 10:50:14 PM : -request-
10/13/2021 10:50:14 PM : -request-
10/13/2021 10:50:14 PM : запрос списка файлов из базы ...
10/13/2021 10:50:46 PM : -request-
10/13/2021 10:50:46 PM : -request-
10/13/2021 10:50:46 PM : -request-
10/13/2021 10:50:46 PM : -request-
10/13/2021 10:50:46 PM : запрос списка файлов из базы ...
10/13/2021 10:52:06 PM : -request-
10/13/2021 10:52:06 PM : -request-
10/13/2021 10:52:06 PM : -request-
10/13/2021 10:52:06 PM : -request-
10/13/2021 10:52:06 PM : запрос списка файлов из базы ...
10/13/2021 10:52:20 PM : -request-
10/13/2021 10:52:20 PM : -request-
10/13/2021 10:52:20 PM : -request-
10/13/2021 10:52:20 PM : -request-
10/13/2021 10:52:20 PM : запрос списка файлов из базы ...
10/13/2021 10:53:31 PM : -request-
10/13/2021 10:53:31 PM : -request-
10/13/2021 10:53:31 PM : -request-
10/13/2021 10:53:31 PM : -request-
10/13/2021 10:53:31 PM : запрос списка файлов из базы ...
10/13/2021 10:53:55 PM : -request-
10/13/2021 10:55:58 PM : ---web server 5695: running on port 8180---
10/13/2021 11:04:59 PM : ---web server 5695: running on port 8180---
10/13/2021 11:05:28 PM : -request-
10/13/2021 11:05:29 PM : -request-
10/13/2021 11:05:29 PM : -request-
10/13/2021 11:05:29 PM : -request-
10/13/2021 11:05:29 PM : запрос списка файлов из базы ...
10/13/2021 11:05:45 PM : -request-
10/13/2021 11:08:56 PM : ---web server 5695: running on port 8180---
10/13/2021 11:09:00 PM : -request-
10/13/2021 11:09:00 PM : -request-
10/13/2021 11:09:00 PM : -request-
10/13/2021 11:09:00 PM : -request-
10/13/2021 11:09:00 PM : запрос списка файлов из базы ...
10/13/2021 11:09:07 PM : -request-
10/13/2021 11:15:30 PM : ---web server 5695: running on port 8180---
10/13/2021 11:15:38 PM : -request-
10/13/2021 11:15:39 PM : -request-
10/13/2021 11:15:39 PM : -request-
10/13/2021 11:15:39 PM : -request-
10/13/2021 11:15:39 PM : запрос списка файлов из базы ...
10/13/2021 11:16:26 PM : -request-
10/13/2021 11:24:17 PM : ---web server 5695: running on port 8180---
10/13/2021 11:24:22 PM : -request-
10/13/2021 11:24:45 PM : -request-
10/13/2021 11:24:45 PM : -request-
10/13/2021 11:24:45 PM : -request-
10/13/2021 11:24:45 PM : -request-
10/13/2021 11:24:45 PM : запрос списка файлов из базы ...
10/13/2021 11:24:50 PM : -request-
10/13/2021 11:25:33 PM : ---web server 5695: running on port 8180---
10/13/2021 11:25:34 PM : -request-
10/13/2021 11:26:01 PM : -request-
10/13/2021 11:26:01 PM : -request-
10/13/2021 11:26:01 PM : -request-
10/13/2021 11:26:01 PM : -request-
10/13/2021 11:26:01 PM : запрос списка файлов из базы ...
10/13/2021 11:28:13 PM : ---web server 5695: running on port 8180---
10/13/2021 11:28:16 PM : -request-
10/13/2021 11:28:17 PM : -request-
10/13/2021 11:28:17 PM : -request-
10/13/2021 11:28:17 PM : -request-
10/13/2021 11:28:17 PM : запрос списка файлов из базы ...
10/13/2021 11:28:22 PM : -request-
10/13/2021 11:42:18 PM : ---web server 5695: running on port 8180---
10/13/2021 11:42:19 PM : -request-
10/13/2021 11:42:29 PM : -request-
10/13/2021 11:44:13 PM : ---web server 5695: running on port 8180---
10/13/2021 11:44:13 PM : -request-
10/13/2021 11:44:15 PM : -request-
10/13/2021 11:44:16 PM : -request-
10/13/2021 11:44:27 PM : -request-
10/13/2021 11:44:27 PM : -request-
10/13/2021 11:44:28 PM : -request-
10/13/2021 11:45:40 PM : ---web server 5695: running on port 8180---
10/13/2021 11:45:41 PM : -request-
10/13/2021 11:45:41 PM : -request-
10/13/2021 11:45:41 PM : -request-
10/13/2021 11:45:50 PM : -request-
10/13/2021 11:45:50 PM : -request-
10/13/2021 11:45:53 PM : -request-
10/13/2021 11:45:54 PM : -request-
10/13/2021 11:45:54 PM : -request-
10/13/2021 11:45:54 PM : -request-
10/13/2021 11:45:54 PM : запрос списка файлов из базы ...
10/13/2021 11:46:01 PM : -request-
10/13/2021 11:46:03 PM : -request-
10/13/2021 11:47:31 PM : -request-
10/13/2021 11:47:31 PM : -request-
10/13/2021 11:47:31 PM : -request-
10/13/2021 11:47:31 PM : -request-
10/13/2021 11:47:31 PM : запрос списка файлов из базы ...
10/13/2021 11:49:18 PM : ---web server 5695: running on port 8180---
10/13/2021 11:53:07 PM : ---web server 5695: running on port 8180---
10/13/2021 11:54:55 PM : ---web server 5695: running on port 8180---
10/13/2021 11:55:01 PM : -request-
10/13/2021 11:55:01 PM : -request-
10/13/2021 11:55:01 PM : -request-
10/13/2021 11:55:01 PM : -request-
10/13/2021 11:55:01 PM : запрос списка файлов из базы ...
10/13/2021 11:55:07 PM : -request-
10/13/2021 11:55:41 PM : ---web server 5695: running on port 8180---
10/13/2021 11:55:44 PM : -request-
10/13/2021 11:55:52 PM : ---web server 5695: running on port 8180---
10/13/2021 11:55:54 PM : -request-
10/13/2021 11:55:55 PM : -request-
10/13/2021 11:57:34 PM : ---web server 5695: running on port 8180---
10/13/2021 11:57:35 PM : -request-
10/13/2021 11:57:35 PM : -request-
10/13/2021 11:57:35 PM : -request-
10/13/2021 11:57:35 PM : -request-
10/13/2021 11:57:35 PM : запрос списка файлов из базы ...
10/13/2021 11:57:41 PM : -request-
10/13/2021 11:57:41 PM : -request-
10/13/2021 11:57:41 PM : -request-
10/13/2021 11:57:41 PM : -request-
10/13/2021 11:57:41 PM : запрос списка файлов из базы ...
10/13/2021 11:57:53 PM : -request-
10/13/2021 11:58:23 PM : ---web server 5695: running on port 8180---
10/13/2021 11:58:30 PM : -request-
10/13/2021 11:59:20 PM : ---web server 5695: running on port 8180---
10/13/2021 11:59:22 PM : -request-
10/13/2021 11:59:23 PM : -request-
10/14/2021 12:00:56 AM : ---web server 5695: running on port 8180---
10/14/2021 12:00:58 AM : -request-
10/14/2021 12:00:59 AM : -request-
10/14/2021 12:00:59 AM : -request-
10/14/2021 12:00:59 AM : -request-
10/14/2021 12:00:59 AM : запрос списка файлов из базы ...
10/14/2021 12:07:18 AM : ---web server 5695: running on port 8180---
10/14/2021 12:07:43 AM : ---web server 5695: running on port 8180---
10/14/2021 12:09:44 AM : ---web server 5695: running on port 8180---
10/14/2021 12:09:49 AM : -request-
10/14/2021 12:09:49 AM : -request-
10/14/2021 12:09:49 AM : -request-
10/14/2021 12:09:49 AM : -request-
10/14/2021 12:09:49 AM : запрос списка файлов из базы ...
10/14/2021 12:10:14 AM : -request-
10/14/2021 12:10:14 AM : -request-
10/14/2021 12:10:14 AM : -request-
10/14/2021 12:10:14 AM : -request-
10/14/2021 12:10:14 AM : запрос списка файлов из базы ...
10/14/2021 12:10:25 AM : -request-
10/14/2021 12:11:27 AM : ---web server 5695: running on port 8180---
10/14/2021 12:15:25 AM : ---web server 5695: running on port 8180---
10/14/2021 12:15:35 AM : ---web server 5695: running on port 8180---
10/14/2021 12:15:42 AM : -request-
10/14/2021 12:15:42 AM : -request-
10/14/2021 12:15:42 AM : -request-
10/14/2021 12:15:42 AM : -request-
10/14/2021 12:15:42 AM : запрос списка файлов из базы ...
10/14/2021 12:15:43 AM : -request-
10/14/2021 12:15:49 AM : -request-
10/14/2021 12:15:51 AM : -request-
10/14/2021 12:15:51 AM : -request-
10/14/2021 12:17:32 AM : ---web server 5695: running on port 8180---
10/14/2021 12:17:36 AM : -request-
10/14/2021 12:17:36 AM : -request-
10/14/2021 12:17:36 AM : -request-
10/14/2021 12:17:36 AM : -request-
10/14/2021 12:17:36 AM : запрос списка файлов из базы ...
10/14/2021 12:17:39 AM : -request-
10/14/2021 12:18:22 AM : ---web server 5695: running on port 8180---
10/14/2021 12:18:24 AM : -request-
10/14/2021 12:19:40 AM : ---web server 5695: running on port 8180---
10/14/2021 12:22:05 AM : -request-
10/14/2021 12:22:05 AM : -request-
10/14/2021 12:22:05 AM : -request-
10/14/2021 12:22:05 AM : -request-
10/14/2021 12:22:05 AM : запрос списка файлов из базы ...
10/14/2021 12:22:21 AM : -request-
10/14/2021 12:22:21 AM : -request-
10/14/2021 12:22:21 AM : -request-
10/14/2021 12:22:21 AM : -request-
10/14/2021 12:22:21 AM : запрос списка файлов из базы ...
10/14/2021 12:24:38 AM : ---web server 5695: running on port 8180---
10/14/2021 12:24:42 AM : ---web server 5695: running on port 8180---
10/14/2021 12:24:52 AM : -request-
10/14/2021 12:24:52 AM : -request-
10/14/2021 12:24:52 AM : -request-
10/14/2021 12:24:53 AM : -request-
10/14/2021 12:24:53 AM : запрос списка файлов из базы ...
10/14/2021 12:24:55 AM : -request-
10/14/2021 12:24:55 AM : -request-
10/14/2021 12:24:56 AM : -request-
10/14/2021 12:24:56 AM : -request-
10/14/2021 12:28:00 AM : ---web server 5695: running on port 8180---
10/14/2021 12:28:02 AM : -request-
10/14/2021 12:28:02 AM : -request-
10/14/2021 12:28:02 AM : -request-
10/14/2021 12:28:02 AM : -request-
10/14/2021 12:28:02 AM : запрос списка файлов из базы ...
10/14/2021 12:28:03 AM : -request-
10/14/2021 12:30:09 AM : ---web server 5695: running on port 8180---
10/14/2021 12:30:15 AM : -request-
10/14/2021 12:30:15 AM : -request-
10/14/2021 12:30:15 AM : -request-
10/14/2021 12:30:15 AM : -request-
10/14/2021 12:30:15 AM : запрос списка файлов из базы ...
10/14/2021 12:30:16 AM : -request-
10/14/2021 12:30:54 AM : ---web server 5695: running on port 8180---
10/14/2021 12:31:44 AM : ---web server 5695: running on port 8180---
10/14/2021 12:31:47 AM : -request-
10/14/2021 12:31:47 AM : -request-
10/14/2021 12:31:47 AM : -request-
10/14/2021 12:31:47 AM : -request-
10/14/2021 12:31:47 AM : запрос списка файлов из базы ...
10/14/2021 12:31:49 AM : -request-
10/14/2021 12:33:01 AM : ---web server 5695: running on port 8180---
10/14/2021 12:33:05 AM : -request-
10/14/2021 12:33:06 AM : -request-
10/14/2021 12:33:06 AM : -request-
10/14/2021 12:33:06 AM : -request-
10/14/2021 12:33:06 AM : запрос списка файлов из базы ...
10/14/2021 12:33:07 AM : -request-
10/14/2021 12:37:04 AM : -request-
10/14/2021 12:37:04 AM : -request-
10/14/2021 12:37:04 AM : -request-
10/14/2021 12:37:04 AM : -request-
10/14/2021 12:37:04 AM : запрос списка файлов из базы ...
10/14/2021 12:37:06 AM : -request-
10/14/2021 12:37:07 AM : -request-
10/14/2021 12:37:12 AM : -request-
10/14/2021 12:37:16 AM : -request-
10/14/2021 12:37:16 AM : -request-
10/14/2021 12:37:16 AM : -request-
10/14/2021 12:37:17 AM : -request-
10/14/2021 12:37:17 AM : запрос списка файлов из базы ...
10/14/2021 12:37:55 AM : -request-
10/14/2021 12:37:55 AM : -request-
10/14/2021 12:37:55 AM : -request-
10/14/2021 12:37:55 AM : -request-
10/14/2021 12:37:55 AM : запрос списка файлов из базы ...
10/14/2021 12:37:57 AM : -request-
10/14/2021 12:40:29 AM : -request-
10/14/2021 12:40:29 AM : -request-
10/14/2021 12:40:29 AM : -request-
10/14/2021 12:40:29 AM : -request-
10/14/2021 12:40:29 AM : запрос списка файлов из базы ...
10/14/2021 12:41:10 AM : -request-
10/14/2021 12:41:10 AM : -request-
10/14/2021 12:41:10 AM : -request-
10/14/2021 12:41:10 AM : -request-
10/14/2021 12:41:10 AM : запрос списка файлов из базы ...
10/14/2021 12:41:36 AM : -request-
10/14/2021 12:41:36 AM : -request-
10/14/2021 12:41:36 AM : -request-
10/14/2021 12:41:36 AM : -request-
10/14/2021 12:41:36 AM : запрос списка файлов из базы ...
10/14/2021 12:42:00 AM : -request-
10/14/2021 12:42:00 AM : -request-
10/14/2021 12:42:00 AM : -request-
10/14/2021 12:42:00 AM : -request-
10/14/2021 12:42:00 AM : запрос списка файлов из базы ...
10/14/2021 12:42:07 AM : -request-
10/14/2021 12:42:12 AM : -request-
10/14/2021 12:43:20 AM : -request-
10/14/2021 12:43:20 AM : -request-
10/14/2021 12:43:20 AM : -request-
10/14/2021 12:43:20 AM : -request-
10/14/2021 12:43:20 AM : запрос списка файлов из базы ...
10/14/2021 12:43:34 AM : -request-
10/14/2021 12:43:50 AM : -request-
10/14/2021 12:43:50 AM : -request-
10/14/2021 12:43:50 AM : -request-
10/14/2021 12:43:50 AM : -request-
10/14/2021 12:43:50 AM : запрос списка файлов из базы ...
10/14/2021 12:43:58 AM : -request-
10/14/2021 12:44:56 AM : ---web server 5695: running on port 8180---
10/14/2021 12:45:02 AM : ---web server 5695: running on port 8180---
10/14/2021 12:45:15 AM : -request-
10/14/2021 12:45:21 AM : -request-
10/14/2021 12:45:21 AM : запрос списка файлов из базы ...
10/14/2021 12:45:32 AM : -request-
10/14/2021 12:45:32 AM : -request-
10/14/2021 12:45:32 AM : -request-
10/14/2021 12:45:32 AM : -request-
10/14/2021 12:45:32 AM : запрос списка файлов из базы ...
10/14/2021 12:45:34 AM : -request-
10/14/2021 12:46:38 AM : -request-
10/14/2021 12:46:38 AM : -request-
10/14/2021 12:46:38 AM : -request-
10/14/2021 12:46:39 AM : -request-
10/14/2021 12:46:39 AM : запрос списка файлов из базы ...
10/14/2021 12:46:40 AM : -request-
10/14/2021 12:48:17 AM : -request-
10/14/2021 12:48:17 AM : -request-
10/14/2021 12:48:17 AM : -request-
10/14/2021 12:48:17 AM : -request-
10/14/2021 12:48:17 AM : запрос списка файлов из базы ...
10/14/2021 12:48:18 AM : -request-
10/14/2021 12:50:11 AM : -request-
10/14/2021 12:50:11 AM : -request-
10/14/2021 12:50:11 AM : -request-
10/14/2021 12:50:11 AM : -request-
10/14/2021 12:50:11 AM : запрос списка файлов из базы ...
10/14/2021 12:50:34 AM : -request-
10/14/2021 12:50:34 AM : -request-
10/14/2021 12:50:34 AM : -request-
10/14/2021 12:50:34 AM : -request-
10/14/2021 12:50:34 AM : запрос списка файлов из базы ...
10/14/2021 12:51:47 AM : -request-
10/14/2021 12:51:47 AM : -request-
10/14/2021 12:51:47 AM : -request-
10/14/2021 12:51:47 AM : -request-
10/14/2021 12:51:47 AM : запрос списка файлов из базы ...
10/14/2021 12:52:28 AM : -request-
10/14/2021 12:52:28 AM : -request-
10/14/2021 12:52:28 AM : -request-
10/14/2021 12:52:28 AM : -request-
10/14/2021 12:52:28 AM : запрос списка файлов из базы ...
10/14/2021 12:53:22 AM : -request-
10/14/2021 12:53:22 AM : -request-
10/14/2021 12:53:22 AM : -request-
10/14/2021 12:53:22 AM : -request-
10/14/2021 12:53:22 AM : запрос списка файлов из базы ...
10/14/2021 12:54:15 AM : -request-
10/14/2021 12:54:15 AM : -request-
10/14/2021 12:54:15 AM : -request-
10/14/2021 12:54:15 AM : -request-
10/14/2021 12:54:15 AM : запрос списка файлов из базы ...
10/14/2021 12:55:42 AM : ---web server 5695: running on port 8180---
10/14/2021 11:35:09 AM : -request-
10/14/2021 11:35:09 AM : запрос списка файлов из базы ...
10/14/2021 11:35:11 AM : -request-
10/14/2021 11:35:13 AM : -request-
10/14/2021 11:35:14 AM : -request-
10/14/2021 11:35:16 AM : -request-
10/14/2021 11:35:17 AM : -request-
10/14/2021 11:35:19 AM : -request-
10/15/2021 12:46:06 AM : -request-
10/15/2021 12:46:06 AM : запрос списка файлов из базы ...
10/17/2021 6:03:02 AM : -request-
10/17/2021 6:03:02 AM : запрос списка файлов из базы ...
10/17/2021 6:05:01 AM : -request-
10/17/2021 6:05:01 AM : запрос списка файлов из базы ...
10/17/2021 12:23:17 PM : -request-
10/17/2021 12:23:18 PM : -request-
10/17/2021 12:23:18 PM : -request-
10/17/2021 12:23:18 PM : -request-
10/17/2021 12:23:18 PM : -request-
10/17/2021 12:23:19 PM : -request-
10/17/2021 12:23:19 PM : -request-
10/17/2021 12:23:19 PM : -request-
10/17/2021 12:23:20 PM : -request-
10/17/2021 12:23:20 PM : -request-
10/17/2021 12:23:20 PM : -request-
10/17/2021 12:23:21 PM : -request-
10/17/2021 12:23:21 PM : -request-
10/17/2021 12:23:21 PM : -request-
10/17/2021 12:23:23 PM : -request-
10/17/2021 12:23:23 PM : -request-
10/17/2021 12:23:23 PM : -request-
10/17/2021 12:23:24 PM : -request-
10/17/2021 12:23:24 PM : -request-
10/17/2021 12:23:24 PM : -request-
10/17/2021 12:23:25 PM : -request-
10/17/2021 12:23:25 PM : -request-
10/17/2021 12:23:25 PM : -request-
10/17/2021 12:23:26 PM : -request-
10/17/2021 12:23:26 PM : -request-
10/17/2021 4:54:58 PM : -request-
10/17/2021 4:54:59 PM : -request-
10/17/2021 4:54:59 PM : -request-
10/17/2021 4:54:59 PM : -request-
10/17/2021 4:54:59 PM : запрос списка файлов из базы ...
10/17/2021 4:54:59 PM : -request-
10/17/2021 4:57:10 PM : -request-
10/17/2021 4:57:10 PM : -request-
10/17/2021 5:02:44 PM : ---web server 5695: running on port 8180---
10/17/2021 5:02:46 PM : ---web server 5695: running on port 8180---
10/17/2021 5:02:54 PM : ---web server 5695: running on port 8180---
10/17/2021 5:09:15 PM : ---web server 5695: running on port 8180---
10/17/2021 5:25:48 PM : ---web server 5695: running on port 8180---
10/17/2021 5:25:52 PM : -request-
10/17/2021 5:25:52 PM : -request-
10/17/2021 5:25:52 PM : -request-
10/17/2021 5:25:52 PM : -request-
10/17/2021 5:25:52 PM : запрос списка файлов из базы ...
10/17/2021 5:26:00 PM : -request-
10/17/2021 5:26:00 PM : -request-
10/17/2021 5:26:00 PM : -request-
10/17/2021 5:26:00 PM : -request-
10/17/2021 5:26:00 PM : запрос списка файлов из базы ...
10/17/2021 5:26:01 PM : -request-
10/17/2021 5:26:01 PM : -request-
10/17/2021 5:26:01 PM : -request-
10/17/2021 5:26:02 PM : -request-
10/17/2021 5:26:02 PM : запрос списка файлов из базы ...
10/17/2021 5:26:42 PM : -request-
10/17/2021 5:35:00 PM : ---web server 5695: running on port 8180---
10/17/2021 6:03:12 PM : ---web server 5695: running on port 8180---
10/17/2021 6:03:15 PM : ---web server 5695: running on port 8180---
10/17/2021 6:04:28 PM : ---web server 5695: running on port 8180---
10/17/2021 6:04:51 PM : ---web server 5695: running on port 8180---
10/17/2021 6:05:47 PM : -request-
10/17/2021 6:05:47 PM : -request-
10/17/2021 6:05:47 PM : -request-
10/17/2021 6:05:47 PM : -request-
10/17/2021 6:05:47 PM : запрос списка файлов из базы ...
10/17/2021 6:06:38 PM : ---web server 5695: running on port 8180---
10/17/2021 6:06:55 PM : -request-
10/17/2021 6:06:55 PM : -request-
10/17/2021 6:06:55 PM : -request-
10/17/2021 6:06:55 PM : -request-
10/17/2021 6:06:55 PM : запрос списка файлов из базы ...
10/17/2021 6:07:01 PM : -request-
10/17/2021 6:10:00 PM : ---web server 5695: running on port 8180---
10/17/2021 6:10:37 PM : -request-
10/17/2021 6:10:37 PM : -request-
10/17/2021 6:10:37 PM : -request-
10/17/2021 6:10:37 PM : -request-
10/17/2021 6:10:37 PM : запрос списка файлов из базы ...
10/17/2021 6:10:42 PM : -request-
10/17/2021 6:10:42 PM : -request-
10/17/2021 6:10:42 PM : -request-
10/17/2021 6:10:42 PM : -request-
10/17/2021 6:10:42 PM : запрос списка файлов из базы ...
10/17/2021 6:10:56 PM : -request-
10/17/2021 6:11:38 PM : ---web server 5695: running on port 8180---
10/17/2021 6:11:52 PM : -request-
10/17/2021 6:11:52 PM : -request-
10/17/2021 6:11:52 PM : -request-
10/17/2021 6:11:52 PM : -request-
10/17/2021 6:11:52 PM : запрос списка файлов из базы ...
10/17/2021 6:12:23 PM : ---web server 5695: running on port 8180---
10/17/2021 6:12:26 PM : -request-
10/17/2021 6:12:27 PM : -request-
10/17/2021 6:12:27 PM : -request-
10/17/2021 6:12:27 PM : -request-
10/17/2021 6:12:27 PM : запрос списка файлов из базы ...
10/17/2021 6:15:12 PM : ---web server 5695: running on port 8180---
10/17/2021 6:15:12 PM : -request-
10/17/2021 6:15:12 PM : -request-
10/17/2021 6:15:12 PM : -request-
10/17/2021 6:15:12 PM : -request-
10/17/2021 6:15:12 PM : запрос списка файлов из базы ...
10/17/2021 6:15:48 PM : ---web server 5695: running on port 8180---
10/17/2021 6:17:27 PM : ---web server 5695: running on port 8180---
10/17/2021 6:18:50 PM : ---web server 5695: running on port 8180---
10/17/2021 6:18:57 PM : -request-
10/17/2021 6:18:57 PM : -request-
10/17/2021 6:18:57 PM : -request-
10/17/2021 6:18:57 PM : -request-
10/17/2021 6:18:57 PM : запрос списка файлов из базы ...
10/17/2021 6:20:38 PM : ---web server 5695: running on port 8180---
10/17/2021 6:20:42 PM : -request-
10/17/2021 6:20:42 PM : -request-
10/17/2021 6:20:42 PM : -request-
10/17/2021 6:20:42 PM : -request-
10/17/2021 6:20:42 PM : запрос списка файлов из базы ...
10/17/2021 6:22:33 PM : ---web server 5695: running on port 8180---
10/17/2021 6:23:03 PM : ---web server 5695: running on port 8180---
10/17/2021 6:23:15 PM : -request-
10/17/2021 6:23:15 PM : -request-
10/17/2021 6:23:15 PM : -request-
10/17/2021 6:23:15 PM : -request-
10/17/2021 6:23:15 PM : запрос списка файлов из базы ...
10/17/2021 6:23:56 PM : ---web server 5695: running on port 8180---
10/17/2021 6:24:06 PM : -request-
10/17/2021 6:24:06 PM : upload started
10/17/2021 6:24:07 PM : upload finished
10/17/2021 6:24:24 PM : ---web server 5695: running on port 8180---
10/17/2021 6:24:28 PM : -request-
10/17/2021 6:24:28 PM : upload started
10/17/2021 6:24:29 PM : upload finished
10/17/2021 6:24:34 PM : -request-
10/17/2021 6:24:34 PM : -request-
10/17/2021 6:24:34 PM : -request-
10/17/2021 6:24:34 PM : -request-
10/17/2021 6:24:34 PM : запрос списка файлов из базы ...
10/17/2021 6:24:36 PM : -request-
10/17/2021 6:24:36 PM : -request-
10/17/2021 6:24:36 PM : -request-
10/17/2021 6:24:36 PM : -request-
10/17/2021 6:24:36 PM : запрос списка файлов из базы ...
10/17/2021 6:25:24 PM : ---web server 5695: running on port 8180---
10/17/2021 6:26:00 PM : ---web server 5695: running on port 8180---
10/17/2021 6:26:03 PM : -request-
10/17/2021 6:26:03 PM : upload started
10/17/2021 6:33:07 PM : ---web server 5695: running on port 8180---
10/17/2021 6:33:10 PM : -request-
10/17/2021 6:33:10 PM : -request-
10/17/2021 6:33:10 PM : -request-
10/17/2021 6:33:10 PM : -request-
10/17/2021 6:33:10 PM : запрос списка файлов из базы ...
10/17/2021 6:33:15 PM : -request-
10/17/2021 6:33:15 PM : upload started
10/17/2021 6:33:17 PM : upload finished
10/17/2021 6:37:23 PM : ---web server 5695: running on port 8180---
10/17/2021 6:37:26 PM : -request-
10/17/2021 6:37:26 PM : upload started
10/17/2021 6:37:27 PM : upload finished
10/17/2021 6:37:37 PM : -request-
10/17/2021 6:37:37 PM : -request-
10/17/2021 6:37:37 PM : -request-
10/17/2021 6:37:37 PM : -request-
10/17/2021 6:37:37 PM : запрос списка файлов из базы ...
10/17/2021 6:38:31 PM : ---web server 5695: running on port 8180---
10/17/2021 6:38:31 PM : -request-
10/17/2021 6:38:31 PM : -request-
10/17/2021 6:38:31 PM : -request-
10/17/2021 6:38:31 PM : -request-
10/17/2021 6:38:31 PM : запрос списка файлов из базы ...
10/17/2021 6:39:46 PM : ---web server 5695: running on port 8180---
10/17/2021 6:39:51 PM : -request-
10/17/2021 6:39:51 PM : -request-
10/17/2021 6:39:51 PM : -request-
10/17/2021 6:39:51 PM : -request-
10/17/2021 6:39:51 PM : запрос списка файлов из базы ...
10/17/2021 6:40:00 PM : -request-
10/17/2021 6:40:00 PM : upload started
10/17/2021 6:40:01 PM : upload finished
10/17/2021 6:40:20 PM : ---web server 5695: running on port 8180---
10/17/2021 6:40:24 PM : -request-
10/17/2021 6:40:24 PM : upload started
10/17/2021 6:40:25 PM : upload finished
10/17/2021 6:40:26 PM : -request-
10/17/2021 6:40:26 PM : upload started
10/17/2021 6:40:28 PM : upload finished
10/17/2021 6:49:43 PM : ---web server 5695: running on port 8180---
10/17/2021 6:52:46 PM : ---web server 5695: running on port 8180---
10/17/2021 6:53:04 PM : ---web server 5695: running on port 8180---
10/17/2021 6:55:17 PM : ---web server 5695: running on port 8180---
10/17/2021 6:58:17 PM : ---web server 5695: running on port 8180---
10/17/2021 6:58:55 PM : ---web server 5695: running on port 8180---
10/17/2021 6:58:59 PM : -request-
10/17/2021 6:59:00 PM : -request-
10/17/2021 6:59:00 PM : -request-
10/17/2021 6:59:00 PM : -request-
10/17/2021 6:59:00 PM : запрос списка файлов из базы ...
10/17/2021 6:59:04 PM : -request-
10/17/2021 6:59:04 PM : upload started
10/17/2021 6:59:05 PM : upload finished
10/17/2021 7:00:45 PM : ---web server 5695: running on port 8180---
10/17/2021 7:00:49 PM : -request-
10/17/2021 7:00:49 PM : upload started
10/17/2021 7:00:50 PM : upload finished
10/17/2021 7:00:50 PM : -request-
10/17/2021 7:00:50 PM : upload started
10/17/2021 7:00:53 PM : upload finished
10/17/2021 7:03:19 PM : ---web server 5695: running on port 8180---
10/17/2021 7:03:24 PM : -request-
10/17/2021 7:03:24 PM : -request-
10/17/2021 7:03:24 PM : -request-
10/17/2021 7:03:24 PM : -request-
10/17/2021 7:03:24 PM : запрос списка файлов из базы ...
10/17/2021 7:03:29 PM : -request-
10/17/2021 7:03:29 PM : upload started
10/17/2021 7:03:30 PM : upload finished
10/17/2021 7:04:41 PM : ---web server 5695: running on port 8180---
10/17/2021 7:06:51 PM : ---web server 5695: running on port 8180---
10/17/2021 7:07:12 PM : ---web server 5695: running on port 8180---
10/17/2021 7:07:16 PM : -request-
10/17/2021 7:07:16 PM : upload started
10/17/2021 7:07:20 PM : upload finished
10/17/2021 7:07:23 PM : -request-
10/17/2021 7:07:23 PM : -request-
10/17/2021 7:07:23 PM : -request-
10/17/2021 7:07:23 PM : -request-
10/17/2021 7:07:23 PM : запрос списка файлов из базы ...
10/17/2021 7:07:24 PM : -request-
10/17/2021 7:07:25 PM : -request-
10/17/2021 7:07:25 PM : -request-
10/17/2021 7:07:25 PM : -request-
10/17/2021 7:07:25 PM : запрос списка файлов из базы ...
10/17/2021 7:07:28 PM : -request-
10/17/2021 7:07:28 PM : upload started
10/17/2021 7:07:32 PM : upload finished
10/17/2021 7:07:46 PM : ---web server 5695: running on port 8180---
10/17/2021 7:07:48 PM : -request-
10/17/2021 7:07:48 PM : upload started
10/17/2021 7:07:52 PM : upload finished
10/17/2021 7:08:07 PM : ---web server 5695: running on port 8180---
10/17/2021 7:08:38 PM : ---web server 5695: running on port 8180---
10/17/2021 7:10:36 PM : ---web server 5695: running on port 8180---
10/17/2021 7:10:39 PM : -request-
10/17/2021 7:10:39 PM : upload started
10/17/2021 7:10:41 PM : upload finished
10/17/2021 7:11:14 PM : ---web server 5695: running on port 8180---
10/17/2021 7:11:18 PM : -request-
10/17/2021 7:11:18 PM : upload started
10/17/2021 7:11:21 PM : upload finished
10/17/2021 7:11:57 PM : ---web server 5695: running on port 8180---
10/17/2021 7:11:59 PM : -request-
10/17/2021 7:11:59 PM : upload started
10/17/2021 7:12:00 PM : upload finished
10/17/2021 7:15:10 PM : ---web server 5695: running on port 8180---
10/17/2021 7:15:15 PM : -request-
10/17/2021 7:15:15 PM : upload started
10/17/2021 7:15:15 PM : upload finished
10/17/2021 7:16:37 PM : ---web server 5695: running on port 8180---
10/17/2021 7:16:40 PM : -request-
10/17/2021 7:16:40 PM : upload started
10/17/2021 7:16:40 PM : upload finished
10/17/2021 7:17:42 PM : ---web server 5695: running on port 8180---
10/17/2021 7:17:47 PM : -request-
10/17/2021 7:17:47 PM : upload started
10/17/2021 7:17:48 PM : upload finished
10/17/2021 7:18:08 PM : -request-
10/17/2021 7:18:08 PM : upload started
10/17/2021 7:18:09 PM : upload finished
10/17/2021 7:18:22 PM : -request-
10/17/2021 7:18:22 PM : upload started
10/17/2021 7:18:23 PM : upload finished
10/17/2021 7:19:25 PM : ---web server 5695: running on port 8180---
10/17/2021 7:21:53 PM : ---web server 5695: running on port 8180---
10/17/2021 7:23:05 PM : ---web server 5695: running on port 8180---
10/17/2021 7:24:27 PM : ---web server 5695: running on port 8180---
10/17/2021 7:24:38 PM : ---web server 5695: running on port 8180---
10/17/2021 7:24:56 PM : ---web server 5695: running on port 8180---
10/17/2021 7:24:58 PM : -request-
10/17/2021 7:24:58 PM : upload started
10/17/2021 7:24:58 PM : -request-
10/17/2021 7:24:58 PM : upload started
10/17/2021 7:24:58 PM : upload finished
10/17/2021 7:25:00 PM : upload finished
10/17/2021 7:26:17 PM : ---web server 5695: running on port 8180---
10/17/2021 7:26:20 PM : -request-
10/17/2021 7:26:20 PM : upload started
10/17/2021 7:26:21 PM : upload finished
10/17/2021 7:26:59 PM : ---web server 5695: running on port 8180---
10/17/2021 7:27:04 PM : -request-
10/17/2021 7:27:04 PM : upload started
10/17/2021 7:27:05 PM : upload finished
10/17/2021 7:27:43 PM : ---web server 5695: running on port 8180---
10/17/2021 7:27:46 PM : -request-
10/17/2021 7:27:46 PM : upload started
10/17/2021 7:27:46 PM : upload finished
10/17/2021 7:28:07 PM : ---web server 5695: running on port 8180---
10/17/2021 7:28:11 PM : -request-
10/17/2021 7:28:11 PM : upload started
10/17/2021 7:28:11 PM : upload finished
10/17/2021 7:29:46 PM : ---web server 5695: running on port 8180---
10/17/2021 7:29:52 PM : -request-
10/17/2021 7:29:52 PM : upload started
10/17/2021 7:29:53 PM : upload finished
10/17/2021 7:30:49 PM : ---web server 5695: running on port 8180---
10/17/2021 7:30:50 PM : -request-
10/17/2021 7:30:50 PM : upload started
10/17/2021 7:30:51 PM : upload finished
10/17/2021 7:31:51 PM : ---web server 5695: running on port 8180---
10/17/2021 7:31:54 PM : -request-
10/17/2021 7:31:54 PM : upload started
10/17/2021 7:31:56 PM : upload finished
10/17/2021 7:32:38 PM : ---web server 5695: running on port 8180---
10/17/2021 7:32:40 PM : -request-
10/17/2021 7:32:40 PM : upload started
10/17/2021 7:32:41 PM : upload finished
10/17/2021 7:33:11 PM : ---web server 5695: running on port 8180---
10/17/2021 7:33:13 PM : -request-
10/17/2021 7:33:13 PM : upload started
10/17/2021 7:33:14 PM : upload finished
10/17/2021 7:34:44 PM : ---web server 5695: running on port 8180---
10/17/2021 7:34:46 PM : -request-
10/17/2021 7:34:46 PM : upload started
10/17/2021 7:34:47 PM : upload finished
10/17/2021 7:35:04 PM : ---web server 5695: running on port 8180---
10/17/2021 7:35:10 PM : -request-
10/17/2021 7:35:10 PM : upload started
10/17/2021 7:35:11 PM : upload finished
10/17/2021 7:36:55 PM : ---web server 5695: running on port 8180---
10/17/2021 7:37:02 PM : -request-
10/17/2021 7:37:02 PM : upload started
10/17/2021 7:37:03 PM : upload finished
10/17/2021 7:37:31 PM : ---web server 5695: running on port 8180---
10/17/2021 7:37:39 PM : ---web server 5695: running on port 8180---
10/17/2021 7:37:51 PM : -request-
10/17/2021 7:37:51 PM : upload started
10/17/2021 7:37:52 PM : upload finished
10/17/2021 7:39:59 PM : ---web server 5695: running on port 8180---
10/17/2021 7:40:02 PM : -request-
10/17/2021 7:40:02 PM : -request-
10/17/2021 7:40:02 PM : -request-
10/17/2021 7:40:05 PM : -request-
10/17/2021 7:40:05 PM : -request-
10/17/2021 7:40:05 PM : -request-
10/17/2021 7:40:06 PM : -request-
10/17/2021 7:40:06 PM : -request-
10/17/2021 7:40:06 PM : -request-
10/17/2021 7:40:18 PM : ---web server 5695: running on port 8180---
10/17/2021 7:40:20 PM : -request-
10/17/2021 7:40:20 PM : -request-
10/17/2021 7:40:20 PM : -request-
10/17/2021 7:40:20 PM : -request-
10/17/2021 7:40:20 PM : запрос списка файлов из базы ...
10/17/2021 7:40:26 PM : -request-
10/17/2021 7:40:26 PM : upload started
10/17/2021 7:40:27 PM : upload finished
10/17/2021 7:41:33 PM : ---web server 5695: running on port 8180---
10/17/2021 7:41:35 PM : -request-
10/17/2021 7:41:35 PM : upload started
10/17/2021 7:41:36 PM : upload finished
10/17/2021 7:42:10 PM : ---web server 5695: running on port 8180---
10/17/2021 7:42:14 PM : -request-
10/17/2021 7:42:14 PM : upload started
10/17/2021 7:42:18 PM : -request-
10/17/2021 7:42:18 PM : upload started
10/17/2021 7:42:19 PM : upload finished
10/17/2021 7:42:33 PM : ---web server 5695: running on port 8180---
10/17/2021 7:42:36 PM : -request-
10/17/2021 7:42:36 PM : upload started
10/17/2021 7:42:36 PM : upload finished
10/17/2021 7:43:25 PM : ---web server 5695: running on port 8180---
10/17/2021 7:43:30 PM : -request-
10/17/2021 7:43:30 PM : upload started
10/17/2021 7:43:31 PM : upload finished
10/17/2021 7:43:50 PM : ---web server 5695: running on port 8180---
10/17/2021 7:44:00 PM : -request-
10/17/2021 7:44:00 PM : upload started
10/17/2021 7:44:01 PM : upload finished
10/17/2021 7:44:14 PM : ---web server 5695: running on port 8180---
10/17/2021 7:44:33 PM : -request-
10/17/2021 7:44:33 PM : upload started
10/17/2021 7:44:58 PM : upload finished
10/17/2021 7:47:38 PM : ---web server 5695: running on port 8180---
10/17/2021 7:47:43 PM : -request-
10/17/2021 7:47:43 PM : upload started
10/17/2021 7:48:11 PM : upload finished
10/17/2021 7:48:24 PM : ---web server 5695: running on port 8180---
10/17/2021 7:48:28 PM : -request-
10/17/2021 7:48:28 PM : upload started
10/17/2021 7:48:30 PM : upload finished
10/17/2021 7:49:04 PM : -request-
10/17/2021 7:49:04 PM : -request-
10/17/2021 7:49:04 PM : -request-
10/17/2021 7:49:04 PM : -request-
10/17/2021 7:49:04 PM : запрос списка файлов из базы ...
10/17/2021 7:49:13 PM : -request-
10/17/2021 7:49:13 PM : upload started
10/17/2021 7:49:14 PM : upload finished
10/17/2021 7:49:44 PM : ---web server 5695: running on port 8180---
10/17/2021 7:49:48 PM : -request-
10/17/2021 7:49:48 PM : upload started
10/17/2021 7:49:49 PM : upload finished
10/17/2021 7:49:51 PM : -request-
10/17/2021 7:49:51 PM : -request-
10/17/2021 7:49:51 PM : -request-
10/17/2021 7:49:51 PM : -request-
10/17/2021 7:49:51 PM : запрос списка файлов из базы ...
10/17/2021 7:49:56 PM : -request-
10/17/2021 7:49:56 PM : upload started
10/17/2021 7:49:56 PM : upload finished
10/17/2021 7:50:40 PM : ---web server 5695: running on port 8180---
10/17/2021 7:50:46 PM : -request-
10/17/2021 7:50:46 PM : upload started
10/17/2021 7:50:47 PM : upload finished
10/17/2021 7:50:52 PM : -request-
10/17/2021 7:50:52 PM : upload started
10/17/2021 7:50:53 PM : upload finished
10/17/2021 7:50:55 PM : -request-
10/17/2021 7:50:55 PM : upload started
10/17/2021 7:50:57 PM : upload finished
10/17/2021 7:51:18 PM : ---web server 5695: running on port 8180---
10/17/2021 7:51:22 PM : -request-
10/17/2021 7:51:22 PM : upload started
10/17/2021 7:51:23 PM : upload finished
10/17/2021 7:51:35 PM : ---web server 5695: running on port 8180---
10/17/2021 7:51:51 PM : ---web server 5695: running on port 8180---
10/17/2021 7:51:55 PM : -request-
10/17/2021 7:51:55 PM : upload started
10/17/2021 7:51:56 PM : upload finished
10/17/2021 7:51:58 PM : -request-
10/17/2021 7:51:58 PM : upload started
10/17/2021 7:52:00 PM : upload finished
10/17/2021 7:52:31 PM : -request-
10/17/2021 7:52:31 PM : upload started
10/17/2021 7:52:32 PM : upload finished
10/17/2021 7:52:35 PM : -request-
10/17/2021 7:52:35 PM : -request-
10/17/2021 7:52:35 PM : -request-
10/17/2021 7:52:35 PM : -request-
10/17/2021 7:52:35 PM : запрос списка файлов из базы ...
10/17/2021 7:52:41 PM : -request-
10/17/2021 7:52:41 PM : upload started
10/17/2021 7:52:45 PM : upload finished
10/17/2021 7:53:22 PM : ---web server 5695: running on port 8180---
10/17/2021 7:53:26 PM : -request-
10/17/2021 7:53:26 PM : upload started
10/17/2021 7:53:27 PM : upload finished
10/17/2021 7:53:29 PM : -request-
10/17/2021 7:53:29 PM : upload started
10/17/2021 7:53:31 PM : upload finished
10/17/2021 7:53:44 PM : ---web server 5695: running on port 8180---
10/17/2021 7:53:47 PM : -request-
10/17/2021 7:53:47 PM : upload started
10/17/2021 7:53:48 PM : upload finished
10/17/2021 7:54:40 PM : -request-
10/17/2021 7:54:40 PM : upload started
10/17/2021 7:54:42 PM : upload finished
10/17/2021 7:55:03 PM : ---web server 5695: running on port 8180---
10/17/2021 7:55:05 PM : -request-
10/17/2021 7:55:05 PM : upload started
10/17/2021 7:55:08 PM : upload finished
10/17/2021 7:55:19 PM : -request-
10/17/2021 7:55:19 PM : upload started
10/17/2021 7:55:20 PM : upload finished
10/17/2021 7:55:25 PM : -request-
10/17/2021 7:55:25 PM : -request-
10/17/2021 7:55:25 PM : -request-
10/17/2021 7:55:25 PM : -request-
10/17/2021 7:55:25 PM : запрос списка файлов из базы ...
10/17/2021 7:55:50 PM : -request-
10/17/2021 7:55:50 PM : upload started
10/17/2021 7:56:11 PM : upload finished
10/17/2021 7:56:55 PM : ---web server 5695: running on port 8180---
10/17/2021 7:56:58 PM : -request-
10/17/2021 7:56:58 PM : -request-
10/17/2021 7:56:58 PM : -request-
10/17/2021 7:56:58 PM : -request-
10/17/2021 7:56:58 PM : запрос списка файлов из базы ...
10/17/2021 7:57:09 PM : -request-
10/17/2021 7:57:09 PM : upload started
10/17/2021 7:57:12 PM : upload finished
10/17/2021 7:57:12 PM : -request-
10/17/2021 7:57:12 PM : запрос списка файлов из базы ...
10/17/2021 7:58:09 PM : ---web server 5695: running on port 8180---
10/17/2021 7:58:12 PM : -request-
10/17/2021 7:58:12 PM : -request-
10/17/2021 7:58:12 PM : -request-
10/17/2021 7:58:12 PM : -request-
10/17/2021 7:58:12 PM : запрос списка файлов из базы ...
10/17/2021 7:59:19 PM : ---web server 5695: running on port 8180---
10/17/2021 7:59:22 PM : -request-
10/17/2021 7:59:22 PM : -request-
10/17/2021 7:59:22 PM : -request-
10/17/2021 7:59:22 PM : -request-
10/17/2021 7:59:22 PM : запрос списка файлов из базы ...
10/17/2021 8:00:34 PM : ---web server 5695: running on port 8180---
10/17/2021 8:00:37 PM : -request-
10/17/2021 8:00:38 PM : -request-
10/17/2021 8:00:38 PM : -request-
10/17/2021 8:00:38 PM : -request-
10/17/2021 8:00:38 PM : запрос списка файлов из базы ...
10/17/2021 8:01:06 PM : -request-
10/17/2021 8:01:06 PM : -request-
10/17/2021 8:01:06 PM : -request-
10/17/2021 8:01:06 PM : -request-
10/17/2021 8:01:06 PM : запрос списка файлов из базы ...
10/17/2021 8:01:15 PM : -request-
10/17/2021 8:01:15 PM : upload started
10/17/2021 8:01:19 PM : upload finished
10/17/2021 8:01:19 PM : -request-
10/17/2021 8:01:19 PM : запрос списка файлов из базы ...
10/17/2021 8:02:14 PM : ---web server 5695: running on port 8180---
10/17/2021 8:02:17 PM : -request-
10/17/2021 8:02:17 PM : -request-
10/17/2021 8:02:17 PM : -request-
10/17/2021 8:02:17 PM : -request-
10/17/2021 8:02:17 PM : запрос списка файлов из базы ...
10/17/2021 8:02:27 PM : -request-
10/17/2021 8:02:27 PM : upload started
10/17/2021 8:02:29 PM : upload finished
10/17/2021 8:02:29 PM : -request-
10/17/2021 8:02:29 PM : запрос списка файлов из базы ...
10/17/2021 8:03:38 PM : -request-
10/17/2021 8:03:38 PM : -request-
10/17/2021 8:03:38 PM : -request-
10/17/2021 8:03:38 PM : -request-
10/17/2021 8:03:38 PM : запрос списка файлов из базы ...
10/17/2021 8:03:51 PM : -request-
10/17/2021 8:03:51 PM : upload started
10/17/2021 8:03:54 PM : upload finished
10/17/2021 8:03:54 PM : -request-
10/17/2021 8:03:54 PM : запрос списка файлов из базы ...
10/17/2021 8:05:08 PM : -request-
10/17/2021 8:05:08 PM : -request-
10/17/2021 8:05:08 PM : -request-
10/17/2021 8:05:08 PM : -request-
10/17/2021 8:05:08 PM : запрос списка файлов из базы ...
10/17/2021 8:05:23 PM : -request-
10/17/2021 8:05:23 PM : upload started
10/17/2021 8:05:27 PM : upload finished
10/17/2021 8:05:27 PM : -request-
10/17/2021 8:05:27 PM : запрос списка файлов из базы ...
10/17/2021 8:06:01 PM : -request-
10/17/2021 8:08:38 PM : -request-
10/17/2021 8:08:38 PM : upload started
10/17/2021 8:08:39 PM : upload finished
10/17/2021 8:08:39 PM : -request-
10/17/2021 8:08:39 PM : запрос списка файлов из базы ...
10/17/2021 8:09:05 PM : -request-
10/17/2021 8:09:05 PM : upload started
10/17/2021 8:09:08 PM : upload finished
10/17/2021 8:09:08 PM : -request-
10/17/2021 8:09:08 PM : запрос списка файлов из базы ...
10/17/2021 8:09:18 PM : -request-
10/17/2021 8:09:18 PM : upload started
10/17/2021 8:09:50 PM : -request-
10/17/2021 8:09:50 PM : -request-
10/17/2021 8:09:50 PM : -request-
10/17/2021 8:09:50 PM : -request-
10/17/2021 8:09:50 PM : -request-
10/17/2021 8:09:50 PM : запрос списка файлов из базы ...
10/17/2021 8:09:52 PM : -request-
10/17/2021 8:19:36 PM : ---web server 5695: running on port 8180---
10/17/2021 8:19:44 PM : -request-
10/17/2021 8:19:44 PM : -request-
10/17/2021 8:19:44 PM : -request-
10/17/2021 8:19:44 PM : -request-
10/17/2021 8:19:44 PM : запрос списка файлов из базы ...
10/17/2021 8:19:51 PM : -request-
10/17/2021 8:19:51 PM : upload started
10/17/2021 8:20:09 PM : upload finished
10/17/2021 8:21:00 PM : -request-
10/17/2021 8:21:00 PM : -request-
10/17/2021 8:21:00 PM : -request-
10/17/2021 8:21:00 PM : -request-
10/17/2021 8:21:00 PM : запрос списка файлов из базы ...
10/17/2021 8:21:06 PM : -request-
10/17/2021 8:21:06 PM : upload started
10/17/2021 8:21:34 PM : ---web server 5695: running on port 8180---
10/17/2021 8:23:07 PM : ---web server 5695: running on port 8180---
10/17/2021 8:23:46 PM : ---web server 5695: running on port 8180---
10/17/2021 8:23:48 PM : -request-
10/17/2021 8:23:48 PM : -request-
10/17/2021 8:23:48 PM : -request-
10/17/2021 8:23:48 PM : -request-
10/17/2021 8:23:48 PM : запрос списка файлов из базы ...
10/17/2021 8:23:53 PM : -request-
10/17/2021 8:23:53 PM : upload started
10/17/2021 8:24:16 PM : ---web server 5695: running on port 8180---
10/17/2021 8:24:16 PM : -request-
10/17/2021 8:24:16 PM : -request-
10/17/2021 8:24:16 PM : -request-
10/17/2021 8:24:16 PM : -request-
10/17/2021 8:24:16 PM : запрос списка файлов из базы ...
10/17/2021 8:24:23 PM : -request-
10/17/2021 8:24:23 PM : upload started
10/17/2021 8:25:21 PM : ---web server 5695: running on port 8180---
10/17/2021 8:25:23 PM : -request-
10/17/2021 8:25:24 PM : -request-
10/17/2021 8:25:24 PM : -request-
10/17/2021 8:25:24 PM : -request-
10/17/2021 8:25:24 PM : запрос списка файлов из базы ...
10/17/2021 8:25:28 PM : -request-
10/17/2021 8:25:28 PM : upload started
10/17/2021 8:25:52 PM : ---web server 5695: running on port 8180---
10/17/2021 8:25:59 PM : -request-
10/17/2021 8:25:59 PM : upload started
10/17/2021 8:26:20 PM : upload finished
10/17/2021 8:29:04 PM : ---web server 5695: running on port 8180---
10/17/2021 8:29:42 PM : -request-
10/17/2021 8:29:43 PM : -request-
10/17/2021 8:29:43 PM : -request-
10/17/2021 8:29:43 PM : -request-
10/17/2021 8:29:43 PM : запрос списка файлов из базы ...
10/17/2021 8:29:58 PM : -request-
10/17/2021 8:29:59 PM : -request-
10/17/2021 8:29:59 PM : -request-
10/17/2021 8:29:59 PM : -request-
10/17/2021 8:29:59 PM : запрос списка файлов из базы ...
