9/23/2021 9:59:12 PM : ---web server 4095: running on port 8180---
9/23/2021 9:59:17 PM : -request-
9/23/2021 9:59:17 PM : -request-
9/23/2021 9:59:17 PM : -request-
9/23/2021 9:59:23 PM : -request-
9/23/2021 9:59:23 PM : -request-
9/23/2021 9:59:23 PM : -request-
9/23/2021 9:59:33 PM : -request-
9/23/2021 9:59:33 PM : -request-
9/23/2021 9:59:33 PM : -request-
9/23/2021 10:01:29 PM : -request-
9/23/2021 10:01:29 PM : -request-
9/23/2021 10:01:29 PM : -request-
9/23/2021 10:06:35 PM : -request-
9/23/2021 10:06:35 PM : -request-
9/23/2021 10:06:35 PM : -request-
9/23/2021 10:06:39 PM : -request-
9/23/2021 10:06:39 PM : -request-
9/23/2021 10:06:39 PM : -request-
9/23/2021 10:07:25 PM : ---web server 4095: running on port 8180---
9/23/2021 10:07:26 PM : -request-
9/23/2021 10:07:26 PM : -request-
9/23/2021 10:07:26 PM : -request-
9/23/2021 10:07:29 PM : -request-
9/23/2021 10:07:29 PM : -request-
9/23/2021 10:07:29 PM : -request-
9/23/2021 10:11:53 PM : -request-
9/23/2021 10:11:53 PM : -request-
9/23/2021 10:11:53 PM : -request-
9/23/2021 10:12:19 PM : -request-
9/23/2021 10:12:19 PM : -request-
9/23/2021 10:12:19 PM : -request-
9/23/2021 10:12:59 PM : -request-
9/23/2021 10:13:00 PM : -request-
9/23/2021 10:13:00 PM : -request-
9/23/2021 10:20:06 PM : -request-
9/23/2021 10:20:07 PM : -request-
9/23/2021 10:20:07 PM : -request-
9/23/2021 10:20:25 PM : -request-
9/23/2021 10:20:25 PM : -request-
9/23/2021 10:20:25 PM : -request-
9/23/2021 10:20:30 PM : -request-
9/23/2021 10:20:30 PM : -request-
9/23/2021 10:20:30 PM : -request-
9/23/2021 10:21:35 PM : -request-
9/23/2021 10:21:35 PM : -request-
9/23/2021 10:21:35 PM : -request-
9/23/2021 10:22:54 PM : -request-
9/23/2021 10:22:54 PM : -request-
9/23/2021 10:22:55 PM : -request-
9/23/2021 10:22:55 PM : -request-
9/23/2021 10:22:55 PM : -request-
9/23/2021 10:23:11 PM : -request-
9/23/2021 10:23:11 PM : -request-
9/23/2021 10:23:11 PM : -request-
9/23/2021 10:25:49 PM : -request-
9/23/2021 10:25:49 PM : -request-
9/23/2021 10:25:49 PM : -request-
9/23/2021 10:25:49 PM : -request-
9/23/2021 10:25:54 PM : -request-
9/23/2021 10:25:54 PM : -request-
9/23/2021 10:25:54 PM : -request-
9/23/2021 10:26:24 PM : ---web server 4095: running on port 8180---
9/23/2021 10:26:29 PM : -request-
9/23/2021 10:26:29 PM : -request-
9/23/2021 10:26:29 PM : -request-
9/23/2021 10:26:29 PM : -request-
9/23/2021 10:26:34 PM : -request-
9/23/2021 10:26:34 PM : -request-
9/23/2021 10:26:34 PM : -request-
9/23/2021 10:27:13 PM : -request-
9/23/2021 10:27:13 PM : -request-
9/23/2021 10:27:13 PM : -request-
9/23/2021 10:27:13 PM : -request-
9/23/2021 10:27:17 PM : -request-
9/23/2021 10:27:17 PM : -request-
9/23/2021 10:27:17 PM : -request-
9/23/2021 10:27:28 PM : -request-
9/23/2021 10:27:28 PM : -request-
9/23/2021 10:27:28 PM : -request-
9/23/2021 10:27:35 PM : -request-
9/23/2021 10:27:35 PM : -request-
9/23/2021 10:27:35 PM : -request-
9/23/2021 10:27:35 PM : -request-
9/23/2021 10:27:38 PM : -request-
9/23/2021 10:27:38 PM : -request-
9/23/2021 10:27:38 PM : -request-
9/23/2021 10:30:37 PM : -request-
9/23/2021 10:30:37 PM : -request-
9/23/2021 10:30:37 PM : -request-
9/23/2021 10:30:38 PM : -request-
9/23/2021 10:31:05 PM : -request-
9/23/2021 10:31:05 PM : -request-
9/23/2021 10:31:05 PM : -request-
9/23/2021 10:31:05 PM : -request-
9/23/2021 10:31:18 PM : -request-
9/23/2021 10:32:33 PM : ---web server 4095: running on port 8180---
9/23/2021 10:35:35 PM : -request-
9/23/2021 10:35:35 PM : -request-
9/23/2021 10:35:35 PM : -request-
9/23/2021 10:37:03 PM : ---web server 4095: running on port 8180---
9/23/2021 10:37:08 PM : -request-
9/23/2021 10:37:08 PM : -request-
9/23/2021 10:37:08 PM : -request-
9/23/2021 10:45:06 PM : ---web server 4095: running on port 8180---
9/23/2021 10:48:41 PM : ---web server 4095: running on port 8180---
9/23/2021 10:48:48 PM : -request-
9/23/2021 10:48:48 PM : -request-
9/23/2021 10:48:48 PM : -request-
9/23/2021 10:55:39 PM : ---web server 4095: running on port 8180---
9/23/2021 10:56:08 PM : -request-
9/23/2021 10:56:08 PM : -request-
9/23/2021 10:56:08 PM : -request-
9/23/2021 10:58:10 PM : ---web server 4095: running on port 8180---
9/23/2021 10:58:14 PM : -request-
9/23/2021 10:58:14 PM : -request-
9/23/2021 10:58:14 PM : -request-
9/23/2021 10:59:49 PM : ---web server 4095: running on port 8180---
9/23/2021 10:59:52 PM : -request-
9/23/2021 10:59:52 PM : -request-
9/23/2021 10:59:52 PM : -request-
9/23/2021 11:00:05 PM : ---web server 4095: running on port 8180---
9/23/2021 11:00:07 PM : -request-
9/23/2021 11:00:08 PM : -request-
9/23/2021 11:00:08 PM : -request-
9/23/2021 11:01:15 PM : ---web server 4095: running on port 8180---
9/23/2021 11:01:18 PM : -request-
9/23/2021 11:01:18 PM : -request-
9/23/2021 11:01:18 PM : -request-
9/23/2021 11:01:51 PM : ---web server 4095: running on port 8180---
9/23/2021 11:01:54 PM : -request-
9/23/2021 11:01:54 PM : -request-
9/23/2021 11:01:54 PM : -request-
9/23/2021 11:02:10 PM : ---web server 4095: running on port 8180---
9/23/2021 11:02:12 PM : -request-
9/23/2021 11:02:12 PM : -request-
9/23/2021 11:02:12 PM : -request-
9/23/2021 11:03:32 PM : -request-
9/23/2021 11:03:32 PM : -request-
9/23/2021 11:03:32 PM : -request-
9/23/2021 11:04:21 PM : ---web server 4095: running on port 8180---
9/23/2021 11:04:53 PM : ---web server 4095: running on port 8180---
9/23/2021 11:04:57 PM : -request-
9/23/2021 11:04:58 PM : -request-
9/23/2021 11:04:58 PM : -request-
9/23/2021 11:05:45 PM : -request-
9/23/2021 11:05:45 PM : -request-
9/23/2021 11:05:45 PM : -request-
9/23/2021 11:06:47 PM : ---web server 4095: running on port 8180---
9/23/2021 11:06:51 PM : -request-
9/23/2021 11:06:51 PM : -request-
9/23/2021 11:06:51 PM : -request-
9/23/2021 11:09:51 PM : ---web server 4095: running on port 8180---
9/24/2021 8:52:55 AM : ---web server 4095: running on port 8180---
9/24/2021 8:53:09 AM : -request-
9/24/2021 8:53:09 AM : -request-
9/24/2021 8:53:09 AM : -request-
9/24/2021 8:53:09 AM : -request-
9/24/2021 8:54:42 AM : ---web server 4095: running on port 8180---
9/24/2021 8:55:10 AM : ---web server 4095: running on port 8180---
9/24/2021 8:57:54 AM : ---web server 4095: running on port 8180---
9/24/2021 8:58:44 AM : ---web server 4095: running on port 8180---
9/24/2021 8:58:52 AM : ---web server 4095: running on port 8180---
9/24/2021 9:01:07 AM : ---web server 4095: running on port 8180---
9/24/2021 9:01:25 AM : -request-
9/24/2021 9:01:26 AM : -request-
9/24/2021 9:01:26 AM : -request-
9/24/2021 9:01:34 AM : -request-
9/24/2021 9:03:11 AM : ---web server 4095: running on port 8180---
9/24/2021 9:03:21 AM : ---web server 4095: running on port 8180---
9/24/2021 9:04:21 AM : ---web server 4095: running on port 8180---
9/24/2021 9:05:21 AM : ---web server 4095: running on port 8180---
9/24/2021 9:09:49 AM : ---web server 4095: running on port 8180---
9/24/2021 9:13:19 AM : ---web server 4095: running on port 8180---
9/24/2021 9:14:16 AM : ---web server 4095: running on port 8180---
9/24/2021 9:14:53 AM : ---web server 4095: running on port 8180---
9/24/2021 9:16:49 AM : ---web server 4095: running on port 8180---
9/24/2021 9:18:22 AM : ---web server 4095: running on port 8180---
9/24/2021 9:22:28 AM : ---web server 4095: running on port 8180---
9/24/2021 9:23:31 AM : ---web server 4095: running on port 8180---
9/24/2021 9:29:24 AM : -request-
9/24/2021 9:29:25 AM : -request-
9/24/2021 9:29:25 AM : -request-
9/24/2021 9:29:39 AM : -request-
9/24/2021 9:29:39 AM : -send proxy request-
9/24/2021 9:30:44 AM : ---web server 4095: running on port 8180---
9/24/2021 9:31:14 AM : ---web server 4095: running on port 8180---
9/24/2021 9:31:18 AM : -request-
9/24/2021 9:31:18 AM : -request-
9/24/2021 9:31:18 AM : -request-
9/24/2021 9:31:24 AM : -request-
9/24/2021 9:31:24 AM : -send proxy request-
9/24/2021 9:32:20 AM : ---web server 4095: running on port 8180---
9/24/2021 9:32:23 AM : -request-
9/24/2021 9:32:23 AM : -request-
9/24/2021 9:32:23 AM : -request-
9/24/2021 9:32:49 AM : ---web server 4095: running on port 8180---
9/24/2021 9:32:54 AM : -request-
9/24/2021 9:32:54 AM : -request-
9/24/2021 9:32:54 AM : -request-
9/24/2021 9:32:57 AM : -request-
9/24/2021 9:32:57 AM : -send proxy request-
9/24/2021 9:35:24 AM : ---web server 4095: running on port 8180---
9/24/2021 9:35:27 AM : -request-
9/24/2021 9:35:27 AM : -request-
9/24/2021 9:35:27 AM : -request-
9/24/2021 9:35:33 AM : -request-
9/24/2021 9:35:33 AM : -send proxy request-
9/24/2021 9:36:28 AM : ---web server 4095: running on port 8180---
9/24/2021 9:36:30 AM : -request-
9/24/2021 9:36:30 AM : -request-
9/24/2021 9:36:30 AM : -request-
9/24/2021 9:36:34 AM : -request-
9/24/2021 9:36:34 AM : -send proxy request-
9/24/2021 9:36:34 AM : -send proxy response-
9/24/2021 9:37:16 AM : -request-
9/24/2021 9:37:16 AM : -send proxy request-
9/24/2021 9:38:28 AM : ---web server 4095: running on port 8180---
9/24/2021 9:38:28 AM : -request-
9/24/2021 9:38:28 AM : -send proxy request-
9/24/2021 9:38:28 AM : -send proxy response-
9/24/2021 9:38:31 AM : -request-
9/24/2021 9:38:31 AM : -request-
9/24/2021 9:38:32 AM : -request-
9/24/2021 9:38:36 AM : -request-
9/24/2021 9:38:36 AM : -send proxy request-
9/24/2021 9:38:36 AM : -send proxy response-
9/24/2021 9:40:36 AM : -request-
9/24/2021 9:40:36 AM : -send proxy request-
9/24/2021 9:40:36 AM : -send proxy response-
9/24/2021 9:40:58 AM : ---web server 4095: running on port 8180---
9/24/2021 9:41:00 AM : -request-
9/24/2021 9:41:00 AM : -request-
9/24/2021 9:41:00 AM : -request-
9/24/2021 9:41:04 AM : -request-
9/24/2021 9:41:04 AM : -send proxy request-
9/24/2021 9:41:04 AM : -send proxy response-
9/24/2021 9:42:12 AM : ---web server 4095: running on port 8180---
9/24/2021 9:42:12 AM : -request-
9/24/2021 9:42:12 AM : sending proxy request...
9/24/2021 9:42:12 AM : recieving proxy response...
9/24/2021 9:42:12 AM : sending proxy response...
9/24/2021 9:42:12 AM : proxy response sended
9/24/2021 9:43:40 AM : ---web server 4095: running on port 8180---
9/24/2021 9:43:44 AM : -request-
9/24/2021 9:43:44 AM : -request-
9/24/2021 9:43:44 AM : -request-
9/24/2021 9:43:48 AM : -request-
9/24/2021 9:43:48 AM : sending proxy request...
9/24/2021 9:43:48 AM : recieving proxy response...
9/24/2021 9:43:48 AM : sending proxy response...
9/24/2021 9:43:48 AM : proxy response sended
9/24/2021 9:45:24 AM : ---web server 4095: running on port 8180---
9/24/2021 9:45:24 AM : -request-
9/24/2021 9:45:24 AM : sending proxy request...
9/24/2021 9:45:24 AM : recieving proxy response...
9/24/2021 9:45:24 AM : sending proxy response...
9/24/2021 9:45:24 AM : proxy response sended
9/24/2021 9:45:28 AM : -request-
9/24/2021 9:45:28 AM : -request-
9/24/2021 9:45:28 AM : -request-
9/24/2021 9:45:35 AM : -request-
9/24/2021 9:45:35 AM : sending proxy request...
9/24/2021 9:45:35 AM : recieving proxy response...
9/24/2021 9:45:35 AM : sending proxy response...
9/24/2021 9:45:35 AM : proxy response sended
9/24/2021 9:46:45 AM : ---web server 4095: running on port 8180---
9/24/2021 9:46:47 AM : -request-
9/24/2021 9:46:48 AM : -request-
9/24/2021 9:46:48 AM : -request-
9/24/2021 9:46:51 AM : -request-
9/24/2021 9:46:51 AM : sending proxy request...
9/24/2021 9:46:51 AM : recieving proxy response...
9/24/2021 9:46:51 AM : sending proxy response...
9/24/2021 9:46:51 AM : proxy response sended
9/24/2021 9:47:37 AM : ---web server 4095: running on port 8180---
9/24/2021 9:50:04 AM : ---web server 4095: running on port 8180---
9/24/2021 9:50:10 AM : -request-
9/24/2021 9:50:10 AM : -request-
9/24/2021 9:50:10 AM : -request-
9/24/2021 9:50:13 AM : -request-
9/24/2021 9:50:13 AM : sending proxy request...
9/24/2021 9:50:13 AM : recieving proxy response...
9/24/2021 9:50:13 AM : sending proxy response...
9/24/2021 9:50:13 AM : proxy response sended
9/24/2021 9:52:02 AM : ---web server 4095: running on port 8180---
9/24/2021 9:52:06 AM : -request-
9/24/2021 9:52:06 AM : -request-
9/24/2021 9:52:06 AM : -request-
9/24/2021 9:52:08 AM : -request-
9/24/2021 9:52:08 AM : -request-
9/24/2021 9:52:08 AM : -request-
9/24/2021 9:52:12 AM : -request-
9/24/2021 9:52:12 AM : sending proxy request...
9/24/2021 9:52:12 AM : recieving proxy response...
9/24/2021 9:52:12 AM : sending proxy response...
9/24/2021 9:52:12 AM : proxy response sended
9/24/2021 9:52:42 AM : ---web server 4095: running on port 8180---
9/24/2021 9:52:51 AM : ---web server 4095: running on port 8180---
9/24/2021 9:55:21 AM : ---web server 4095: running on port 8180---
9/24/2021 9:57:02 AM : ---web server 4095: running on port 8180---
9/24/2021 9:59:29 AM : ---web server 4095: running on port 8180---
9/24/2021 9:59:52 AM : ---web server 4095: running on port 8180---
9/24/2021 10:00:24 AM : ---web server 4095: running on port 8180---
9/24/2021 4:22:50 PM : ---web server 4095: running on port 8180---
9/24/2021 4:22:56 PM : -request-
9/24/2021 4:22:58 PM : -request-
9/24/2021 4:23:05 PM : -request-
9/24/2021 4:24:43 PM : -request-
9/24/2021 4:25:08 PM : -request-
9/24/2021 4:33:29 PM : ---web server 4095: running on port 8180---
9/24/2021 4:34:29 PM : -request-
9/24/2021 4:39:10 PM : -request-
9/24/2021 5:15:05 PM : ---web server 4095: running on port 8180---
9/24/2021 5:16:02 PM : ---web server 4095: running on port 8180---
9/24/2021 5:18:19 PM : -request-
9/24/2021 5:18:19 PM : options request
9/24/2021 5:18:19 PM : -request-
9/24/2021 5:18:19 PM : sending proxy request...
9/24/2021 5:18:19 PM : recieving proxy response...
9/24/2021 5:18:19 PM : sending proxy response...
9/24/2021 5:18:19 PM : proxy response sended
9/24/2021 5:19:35 PM : ---web server 4095: running on port 8180---
9/24/2021 5:19:43 PM : -request-
9/24/2021 5:19:43 PM : options request
9/24/2021 5:19:43 PM : -request-
9/24/2021 5:19:43 PM : sending proxy request...
9/24/2021 5:19:43 PM : recieving proxy response...
9/24/2021 5:19:43 PM : sending proxy response...
9/24/2021 5:19:43 PM : proxy response sended
9/24/2021 5:20:33 PM : ---web server 4095: running on port 8180---
9/24/2021 5:20:39 PM : -request-
9/24/2021 5:20:39 PM : options request
9/24/2021 5:20:39 PM : -request-
9/24/2021 5:20:39 PM : sending proxy request...
9/24/2021 5:20:39 PM : recieving proxy response...
9/24/2021 5:20:39 PM : sending proxy response...
9/24/2021 5:20:50 PM : ---web server 4095: running on port 8180---
9/24/2021 5:20:50 PM : -request-
9/24/2021 5:20:50 PM : sending proxy request...
9/24/2021 5:20:50 PM : recieving proxy response...
9/24/2021 5:20:50 PM : sending proxy response...
9/24/2021 5:20:50 PM : proxy response sended
9/24/2021 5:23:08 PM : ---web server 4095: running on port 8180---
9/24/2021 5:23:08 PM : -request-
9/24/2021 5:23:08 PM : options request
9/24/2021 5:23:09 PM : -request-
9/24/2021 5:23:09 PM : sending proxy request...
9/24/2021 5:23:09 PM : recieving proxy response...
9/24/2021 5:23:09 PM : sending proxy response...
9/24/2021 5:23:09 PM : proxy response sended
9/24/2021 5:29:14 PM : ---web server 4095: running on port 8180---
9/24/2021 5:29:40 PM : -request-
9/24/2021 5:29:40 PM : options request
9/24/2021 5:29:41 PM : -request-
9/24/2021 5:29:41 PM : sending proxy request...
9/24/2021 5:29:41 PM : recieving proxy response...
9/24/2021 5:29:41 PM : sending proxy response...
9/24/2021 5:29:41 PM : proxy response sended
9/24/2021 5:31:14 PM : -request-
9/24/2021 5:31:14 PM : options request
9/24/2021 5:31:14 PM : -request-
9/24/2021 5:31:14 PM : sending proxy request...
9/24/2021 5:31:14 PM : recieving proxy response...
9/24/2021 5:31:14 PM : sending proxy response...
9/24/2021 5:31:14 PM : proxy response sended
9/24/2021 5:31:56 PM : -request-
9/24/2021 5:31:56 PM : options request
9/24/2021 5:31:56 PM : -request-
9/24/2021 5:31:56 PM : sending proxy request...
9/24/2021 5:31:56 PM : recieving proxy response...
9/24/2021 5:31:56 PM : sending proxy response...
9/24/2021 5:31:56 PM : proxy response sended
9/24/2021 5:32:55 PM : -request-
9/24/2021 5:32:55 PM : options request
9/24/2021 5:32:55 PM : -request-
9/24/2021 5:32:55 PM : sending proxy request...
9/24/2021 5:32:55 PM : recieving proxy response...
9/24/2021 5:32:55 PM : sending proxy response...
9/24/2021 5:32:55 PM : proxy response sended
9/24/2021 5:36:21 PM : ---web server 4095: running on port 8180---
9/24/2021 5:43:59 PM : -request-
9/24/2021 5:43:59 PM : options request
9/24/2021 5:43:59 PM : -request-
9/24/2021 5:43:59 PM : sending proxy request...
9/24/2021 5:44:00 PM : recieving proxy response...
9/24/2021 5:44:00 PM : sending proxy response...
9/24/2021 5:44:00 PM : proxy response sended
9/24/2021 5:53:36 PM : -request-
9/24/2021 5:53:36 PM : options request
9/24/2021 5:53:36 PM : -request-
9/24/2021 5:53:36 PM : sending proxy request...
9/24/2021 5:53:36 PM : recieving proxy response...
9/24/2021 5:53:36 PM : sending proxy response...
9/24/2021 5:53:36 PM : proxy response sended
9/24/2021 5:54:52 PM : -request-
9/24/2021 5:54:52 PM : options request
9/24/2021 5:54:52 PM : -request-
9/24/2021 5:54:52 PM : sending proxy request...
9/24/2021 5:54:52 PM : recieving proxy response...
9/24/2021 5:54:52 PM : sending proxy response...
9/24/2021 5:54:52 PM : proxy response sended
9/24/2021 5:57:16 PM : -request-
9/24/2021 5:57:16 PM : options request
9/24/2021 5:57:16 PM : -request-
9/24/2021 5:57:16 PM : sending proxy request...
9/24/2021 5:57:16 PM : recieving proxy response...
9/24/2021 5:57:16 PM : sending proxy response...
9/24/2021 5:57:16 PM : proxy response sended
9/24/2021 5:58:02 PM : -request-
9/24/2021 5:58:02 PM : options request
9/24/2021 5:58:02 PM : -request-
9/24/2021 5:58:02 PM : sending proxy request...
9/24/2021 5:58:02 PM : recieving proxy response...
9/24/2021 5:58:02 PM : sending proxy response...
9/24/2021 5:58:02 PM : proxy response sended
9/24/2021 5:58:23 PM : -request-
9/24/2021 5:58:23 PM : options request
9/24/2021 5:58:23 PM : -request-
9/24/2021 5:58:23 PM : sending proxy request...
9/24/2021 5:58:23 PM : recieving proxy response...
9/24/2021 5:58:23 PM : sending proxy response...
9/24/2021 5:58:23 PM : proxy response sended
9/24/2021 6:00:01 PM : -request-
9/24/2021 6:00:01 PM : options request
9/24/2021 6:00:01 PM : -request-
9/24/2021 6:00:01 PM : sending proxy request...
9/24/2021 6:00:01 PM : recieving proxy response...
9/24/2021 6:00:01 PM : sending proxy response...
9/24/2021 6:00:01 PM : proxy response sended
9/24/2021 6:03:30 PM : ---web server 4095: running on port 8180---
9/24/2021 6:04:33 PM : ---web server 4095: running on port 8180---
9/24/2021 6:04:39 PM : -request-
9/24/2021 6:04:39 PM : options request
9/24/2021 6:04:39 PM : -request-
9/24/2021 6:04:39 PM : sending proxy request...
9/24/2021 6:04:39 PM : recieving proxy response...
9/24/2021 6:04:39 PM : sending proxy response...
9/24/2021 6:04:39 PM : proxy response sended
9/24/2021 6:08:35 PM : ---web server 4095: running on port 8180---
9/24/2021 6:08:49 PM : -request-
9/24/2021 6:08:49 PM : options request
9/24/2021 6:08:49 PM : -request-
9/24/2021 6:08:49 PM : sending proxy request...
9/24/2021 6:08:49 PM : recieving proxy response...
9/24/2021 6:08:49 PM : sending proxy response...
9/24/2021 6:08:49 PM : proxy response sended
9/24/2021 6:15:17 PM : ---web server 4095: running on port 8180---
9/24/2021 6:18:44 PM : ---web server 4095: running on port 8180---
9/24/2021 6:19:11 PM : ---web server 4095: running on port 8180---
9/24/2021 6:19:31 PM : -request-
9/24/2021 6:19:31 PM : options request
9/24/2021 6:19:31 PM : -request-
9/24/2021 6:19:31 PM : sending proxy request...
9/24/2021 6:19:31 PM : -request-
9/24/2021 6:19:31 PM : recieving proxy response...
9/24/2021 6:19:31 PM : sending proxy response...
9/24/2021 6:19:31 PM : proxy response sended
9/24/2021 6:21:06 PM : ---web server 4095: running on port 8180---
9/24/2021 6:21:11 PM : -request-
9/24/2021 6:21:11 PM : options request
9/24/2021 6:21:11 PM : -request-
9/24/2021 6:21:11 PM : sending proxy request...
9/24/2021 6:21:11 PM : -request-
9/24/2021 6:21:11 PM : stat request...
9/24/2021 6:21:11 PM : recieving proxy response...
9/24/2021 6:21:11 PM : sending proxy response...
9/24/2021 6:21:11 PM : proxy response sended
9/24/2021 6:22:59 PM : -request-
9/24/2021 6:22:59 PM : options request
9/24/2021 6:22:59 PM : -request-
9/24/2021 6:22:59 PM : sending proxy request...
9/24/2021 6:22:59 PM : -request-
9/24/2021 6:22:59 PM : stat request...
9/24/2021 6:22:59 PM : recieving proxy response...
9/24/2021 6:22:59 PM : sending proxy response...
9/24/2021 6:22:59 PM : proxy response sended
9/24/2021 6:25:04 PM : -request-
9/24/2021 6:25:04 PM : options request
9/24/2021 6:25:04 PM : -request-
9/24/2021 6:25:04 PM : sending proxy request...
9/24/2021 6:25:05 PM : -request-
9/24/2021 6:25:05 PM : stat request...
9/24/2021 6:25:05 PM : recieving proxy response...
9/24/2021 6:25:05 PM : sending proxy response...
9/24/2021 6:25:05 PM : proxy response sended
9/24/2021 6:30:59 PM : ---web server 4095: running on port 8180---
9/24/2021 6:32:08 PM : ---web server 4095: running on port 8180---
9/24/2021 6:33:29 PM : ---web server 4095: running on port 8180---
9/24/2021 6:43:19 PM : -request-
9/24/2021 6:43:19 PM : options request
9/24/2021 6:43:19 PM : -request-
9/24/2021 6:43:19 PM : sending proxy request...
9/24/2021 6:43:19 PM : -request-
9/24/2021 6:43:19 PM : stat request...
9/24/2021 6:43:19 PM : recieving proxy response...
9/24/2021 6:43:19 PM : sending proxy response...
9/24/2021 6:43:19 PM : proxy response sended
9/24/2021 6:43:24 PM : -request-
9/24/2021 6:43:24 PM : options request
9/24/2021 6:43:24 PM : -request-
9/24/2021 6:43:24 PM : sending proxy request...
9/24/2021 6:43:24 PM : -request-
9/24/2021 6:43:24 PM : stat request...
9/24/2021 6:43:24 PM : recieving proxy response...
9/24/2021 6:43:24 PM : sending proxy response...
9/24/2021 6:43:24 PM : proxy response sended
9/24/2021 6:43:25 PM : -request-
9/24/2021 6:43:25 PM : options request
9/24/2021 6:43:25 PM : -request-
9/24/2021 6:43:25 PM : sending proxy request...
9/24/2021 6:43:25 PM : -request-
9/24/2021 6:43:25 PM : stat request...
9/24/2021 6:43:25 PM : recieving proxy response...
9/24/2021 6:43:25 PM : sending proxy response...
9/24/2021 6:43:25 PM : proxy response sended
9/24/2021 6:43:26 PM : -request-
9/24/2021 6:43:26 PM : options request
9/24/2021 6:43:26 PM : -request-
9/24/2021 6:43:26 PM : sending proxy request...
9/24/2021 6:43:26 PM : -request-
9/24/2021 6:43:26 PM : stat request...
9/24/2021 6:43:26 PM : recieving proxy response...
9/24/2021 6:43:26 PM : sending proxy response...
9/24/2021 6:43:26 PM : proxy response sended
9/24/2021 6:43:27 PM : -request-
9/24/2021 6:43:27 PM : options request
9/24/2021 6:43:27 PM : -request-
9/24/2021 6:43:27 PM : sending proxy request...
9/24/2021 6:43:27 PM : -request-
9/24/2021 6:43:27 PM : stat request...
9/24/2021 6:43:27 PM : recieving proxy response...
9/24/2021 6:43:27 PM : sending proxy response...
9/24/2021 6:43:27 PM : proxy response sended
9/24/2021 6:43:27 PM : -request-
9/24/2021 6:43:27 PM : options request
9/24/2021 6:43:27 PM : -request-
9/24/2021 6:43:27 PM : sending proxy request...
9/24/2021 6:43:27 PM : -request-
9/24/2021 6:43:27 PM : stat request...
9/24/2021 6:43:27 PM : recieving proxy response...
9/24/2021 6:43:27 PM : sending proxy response...
9/24/2021 6:43:27 PM : proxy response sended
9/24/2021 6:43:27 PM : -request-
9/24/2021 6:43:27 PM : options request
9/24/2021 6:43:27 PM : -request-
9/24/2021 6:43:27 PM : sending proxy request...
9/24/2021 6:43:27 PM : -request-
9/24/2021 6:43:27 PM : stat request...
9/24/2021 6:43:27 PM : recieving proxy response...
9/24/2021 6:43:27 PM : sending proxy response...
9/24/2021 6:43:27 PM : proxy response sended
9/24/2021 6:43:30 PM : -request-
9/24/2021 6:43:30 PM : options request
9/24/2021 6:43:30 PM : -request-
9/24/2021 6:43:30 PM : sending proxy request...
9/24/2021 6:43:30 PM : -request-
9/24/2021 6:43:30 PM : stat request...
9/24/2021 6:43:30 PM : recieving proxy response...
9/24/2021 6:43:30 PM : sending proxy response...
9/24/2021 6:43:30 PM : proxy response sended
9/24/2021 6:43:30 PM : -request-
9/24/2021 6:43:30 PM : options request
9/24/2021 6:43:30 PM : -request-
9/24/2021 6:43:30 PM : sending proxy request...
9/24/2021 6:43:30 PM : -request-
9/24/2021 6:43:30 PM : stat request...
9/24/2021 6:43:30 PM : recieving proxy response...
9/24/2021 6:43:30 PM : sending proxy response...
9/24/2021 6:43:30 PM : proxy response sended
9/24/2021 6:43:31 PM : -request-
9/24/2021 6:43:31 PM : options request
9/24/2021 6:43:31 PM : -request-
9/24/2021 6:43:31 PM : sending proxy request...
9/24/2021 6:43:31 PM : -request-
9/24/2021 6:43:31 PM : stat request...
9/24/2021 6:43:31 PM : recieving proxy response...
9/24/2021 6:43:31 PM : sending proxy response...
9/24/2021 6:43:31 PM : proxy response sended
9/24/2021 6:43:45 PM : ---web server 4095: running on port 8180---
9/24/2021 6:44:07 PM : ---web server 4095: running on port 8180---
9/24/2021 6:44:32 PM : ---web server 4095: running on port 8180---
9/24/2021 6:44:53 PM : -request-
9/24/2021 6:44:53 PM : options request
9/24/2021 6:44:53 PM : -request-
9/24/2021 6:44:53 PM : sending proxy request...
9/24/2021 6:44:53 PM : -request-
9/24/2021 6:44:53 PM : /stat request...
9/24/2021 6:44:53 PM : recieving proxy response...
9/24/2021 6:44:53 PM : sending proxy response...
9/24/2021 6:44:53 PM : proxy response sended
9/24/2021 6:46:22 PM : -request-
9/24/2021 6:46:22 PM : options request
9/24/2021 6:46:22 PM : -request-
9/24/2021 6:46:22 PM : sending proxy request...
9/24/2021 6:46:22 PM : -request-
9/24/2021 6:46:22 PM : /stat request...
9/24/2021 6:46:22 PM : recieving proxy response...
9/24/2021 6:46:22 PM : sending proxy response...
9/24/2021 6:46:22 PM : proxy response sended
9/24/2021 6:47:02 PM : -request-
9/24/2021 6:47:02 PM : options request
9/24/2021 6:47:02 PM : -request-
9/24/2021 6:47:02 PM : sending proxy request...
9/24/2021 6:47:02 PM : -request-
9/24/2021 6:47:02 PM : /stat request...
9/24/2021 6:47:02 PM : recieving proxy response...
9/24/2021 6:47:02 PM : sending proxy response...
9/24/2021 6:47:17 PM : -request-
9/24/2021 6:47:17 PM : options request
9/24/2021 6:47:17 PM : -request-
9/24/2021 6:47:17 PM : sending proxy request...
9/24/2021 6:47:17 PM : -request-
9/24/2021 6:47:17 PM : /stat request...
9/24/2021 6:47:17 PM : recieving proxy response...
9/24/2021 6:47:17 PM : sending proxy response...
9/24/2021 6:49:10 PM : ---web server 4095: running on port 8180---
9/24/2021 6:49:35 PM : -request-
9/24/2021 6:49:35 PM : options request
9/24/2021 6:49:35 PM : -request-
9/24/2021 6:49:35 PM : sending proxy request...
9/24/2021 6:49:35 PM : -request-
9/24/2021 6:49:36 PM : /stat request...
9/24/2021 6:49:36 PM : recieving proxy response...
9/24/2021 6:49:36 PM : sending proxy response...
9/24/2021 6:50:57 PM : ---web server 4095: running on port 8180---
9/24/2021 6:59:11 PM : ---web server 4095: running on port 8180---
9/24/2021 6:59:56 PM : ---web server 4095: running on port 8180---
9/24/2021 7:00:38 PM : -request-
9/24/2021 7:00:38 PM : options request
9/24/2021 7:00:38 PM : -request-
9/24/2021 7:00:38 PM : sending proxy request...
9/24/2021 7:00:38 PM : -request-
9/24/2021 7:00:38 PM : /message request...
9/24/2021 7:00:38 PM : recieving proxy response...
9/24/2021 7:00:38 PM : sending proxy response...
9/24/2021 7:00:38 PM : proxy response sended
9/24/2021 7:01:11 PM : ---web server 4095: running on port 8180---
9/24/2021 7:01:25 PM : -request-
9/24/2021 7:01:25 PM : options request
9/24/2021 7:01:25 PM : -request-
9/24/2021 7:01:25 PM : sending proxy request...
9/24/2021 7:01:25 PM : -request-
9/24/2021 7:01:25 PM : /message request...
9/24/2021 7:01:26 PM : recieving proxy response...
9/24/2021 7:01:26 PM : sending proxy response...
9/24/2021 7:01:26 PM : proxy response sended
9/24/2021 7:03:20 PM : ---web server 4095: running on port 8180---
9/24/2021 7:03:26 PM : -request-
9/24/2021 7:03:26 PM : options request
9/24/2021 7:03:26 PM : -request-
9/24/2021 7:03:26 PM : sending proxy request...
9/24/2021 7:03:26 PM : -request-
9/24/2021 7:03:26 PM : /message request...
9/24/2021 7:03:26 PM : recieving proxy response...
9/24/2021 7:03:26 PM : sending proxy response...
9/24/2021 7:03:26 PM : proxy response sended
9/24/2021 7:05:44 PM : -request-
9/24/2021 7:05:44 PM : options request
9/24/2021 7:05:44 PM : -request-
9/24/2021 7:05:44 PM : sending proxy request...
9/24/2021 7:05:44 PM : -request-
9/24/2021 7:05:44 PM : /message request...
9/24/2021 7:05:44 PM : recieving proxy response...
9/24/2021 7:05:44 PM : sending proxy response...
9/24/2021 7:05:44 PM : proxy response sended
9/24/2021 7:06:32 PM : -request-
9/24/2021 7:06:32 PM : options request
9/24/2021 7:06:32 PM : -request-
9/24/2021 7:06:32 PM : sending proxy request...
9/24/2021 7:09:17 PM : -request-
9/24/2021 7:09:17 PM : options request
9/24/2021 7:09:17 PM : -request-
9/24/2021 7:09:17 PM : sending proxy request...
9/24/2021 7:09:17 PM : -request-
9/24/2021 7:09:17 PM : /message request...
9/24/2021 7:09:17 PM : recieving proxy response...
9/24/2021 7:09:17 PM : sending proxy response...
9/24/2021 7:09:17 PM : proxy response sended
9/24/2021 7:12:06 PM : ---web server 4095: running on port 8180---
9/24/2021 7:12:50 PM : -request-
9/24/2021 7:12:50 PM : options request
9/24/2021 7:12:50 PM : -request-
9/24/2021 7:12:50 PM : sending proxy request...
9/24/2021 7:12:50 PM : -request-
9/24/2021 7:12:50 PM : /message request...
9/24/2021 7:12:50 PM : recieving proxy response...
9/24/2021 7:12:50 PM : sending proxy response...
9/24/2021 7:12:50 PM : proxy response sended
9/24/2021 7:15:32 PM : ---web server 4095: running on port 8180---
9/24/2021 7:15:55 PM : -request-
9/24/2021 7:15:55 PM : options request
9/24/2021 7:15:55 PM : -request-
9/24/2021 7:15:55 PM : sending proxy request...
9/24/2021 7:17:21 PM : ---web server 4095: running on port 8180---
9/24/2021 7:17:22 PM : -request-
9/24/2021 7:17:22 PM : sending proxy request...
9/24/2021 7:17:33 PM : ---web server 4095: running on port 8180---
9/24/2021 7:17:49 PM : -request-
9/24/2021 7:17:49 PM : options request
9/24/2021 7:17:49 PM : -request-
9/24/2021 7:17:49 PM : sending proxy request...
9/24/2021 7:17:49 PM : -request-
9/24/2021 7:17:49 PM : /message request...
9/24/2021 7:17:49 PM : recieving proxy response...
9/24/2021 7:17:49 PM : sending proxy response...
9/24/2021 7:17:49 PM : proxy response sended
9/24/2021 7:33:45 PM : ---web server 4095: running on port 8180---
9/24/2021 7:34:43 PM : ---web server 4095: running on port 8180---
9/24/2021 7:34:58 PM : -request-
9/24/2021 7:34:58 PM : options request
9/24/2021 7:34:58 PM : -request-
9/24/2021 7:34:58 PM : sending proxy request...
9/24/2021 7:34:58 PM : -request-
9/24/2021 7:34:58 PM : /message request...
9/24/2021 7:34:58 PM : recieving proxy response...
9/24/2021 7:34:58 PM : sending proxy response...
9/24/2021 7:34:58 PM : proxy response sended
9/24/2021 7:36:03 PM : ---web server 4095: running on port 8180---
9/24/2021 7:37:33 PM : -request-
9/24/2021 7:37:33 PM : options request
9/24/2021 7:37:33 PM : -request-
9/24/2021 7:37:33 PM : sending proxy request...
9/24/2021 7:37:51 PM : ---web server 4095: running on port 8180---
9/24/2021 7:37:52 PM : -request-
9/24/2021 7:37:52 PM : sending proxy request...
9/24/2021 7:38:14 PM : ---web server 4095: running on port 8180---
9/24/2021 7:38:29 PM : -request-
9/24/2021 7:38:29 PM : options request
9/24/2021 7:38:29 PM : -request-
9/24/2021 7:38:29 PM : sending proxy request...
9/24/2021 7:38:29 PM : -request-
9/24/2021 7:38:29 PM : /message request...
9/24/2021 7:38:29 PM : recieving proxy response...
9/24/2021 7:38:29 PM : sending proxy response...
9/24/2021 7:38:29 PM : proxy response sended
9/24/2021 7:43:34 PM : ---web server 4095: running on port 8180---
9/24/2021 7:43:49 PM : -request-
9/24/2021 7:43:49 PM : options request
9/24/2021 7:43:49 PM : -request-
9/24/2021 7:43:49 PM : sending proxy request...
9/24/2021 7:43:49 PM : -request-
9/24/2021 7:43:49 PM : /message request...
9/24/2021 7:43:49 PM : recieving proxy response...
9/24/2021 7:43:49 PM : sending proxy response...
9/24/2021 7:43:49 PM : proxy response sended
9/24/2021 7:45:35 PM : ---web server 4095: running on port 8180---
9/24/2021 7:45:57 PM : ---web server 4095: running on port 8180---
9/24/2021 7:47:36 PM : -request-
9/24/2021 7:47:36 PM : options request
9/24/2021 7:47:36 PM : -request-
9/24/2021 7:47:36 PM : sending proxy request...
9/24/2021 7:47:36 PM : -request-
9/24/2021 7:47:36 PM : /message request...
9/24/2021 7:47:36 PM : recieving proxy response...
9/24/2021 7:47:36 PM : sending proxy response...
9/24/2021 7:47:36 PM : proxy response sended
9/24/2021 7:50:34 PM : ---web server 4095: running on port 8180---
9/24/2021 7:51:04 PM : -request-
9/24/2021 7:51:04 PM : options request
9/24/2021 7:51:04 PM : -request-
9/24/2021 7:51:04 PM : sending proxy request...
9/24/2021 7:51:04 PM : -request-
9/24/2021 7:51:04 PM : /message request...
9/24/2021 7:51:04 PM : recieving proxy response...
9/24/2021 7:51:04 PM : sending proxy response...
9/24/2021 7:51:04 PM : proxy response sended
9/24/2021 7:52:37 PM : -request-
9/24/2021 7:52:37 PM : options request
9/24/2021 7:52:38 PM : -request-
9/24/2021 7:52:38 PM : sending proxy request...
9/24/2021 7:52:38 PM : -request-
9/24/2021 7:52:38 PM : /stat request...
9/24/2021 7:52:38 PM : recieving proxy response...
9/24/2021 7:52:38 PM : sending proxy response...
9/24/2021 7:52:38 PM : proxy response sended
9/24/2021 7:53:26 PM : ---web server 4095: running on port 8180---
9/24/2021 7:53:39 PM : -request-
9/24/2021 7:53:39 PM : options request
9/24/2021 7:53:39 PM : -request-
9/24/2021 7:53:39 PM : sending proxy request...
9/24/2021 7:53:39 PM : -request-
9/24/2021 7:53:39 PM : /stat request...
9/24/2021 7:53:39 PM : recieving proxy response...
9/24/2021 7:53:39 PM : sending proxy response...
9/24/2021 7:53:39 PM : proxy response sended
9/24/2021 7:56:11 PM : ---web server 4095: running on port 8180---
9/24/2021 7:56:23 PM : -request-
9/24/2021 7:56:23 PM : options request
9/24/2021 7:56:23 PM : -request-
9/24/2021 7:56:23 PM : sending proxy request...
9/24/2021 7:56:23 PM : -request-
9/24/2021 7:56:23 PM : /stat request...
9/24/2021 7:56:23 PM : recieving proxy response...
9/24/2021 7:56:23 PM : sending proxy response...
9/24/2021 7:56:23 PM : proxy response sended
9/24/2021 7:58:51 PM : ---web server 4095: running on port 8180---
9/24/2021 8:02:40 PM : ---web server 4095: running on port 8180---
9/24/2021 8:03:18 PM : -request-
9/24/2021 8:03:18 PM : options request
9/24/2021 8:03:19 PM : -request-
9/24/2021 8:03:19 PM : sending proxy request...
9/24/2021 8:03:19 PM : -request-
9/24/2021 8:03:19 PM : /stat request...
9/24/2021 8:03:19 PM : recieving proxy response...
9/24/2021 8:03:19 PM : sending proxy response...
9/24/2021 8:03:19 PM : proxy response sended
9/24/2021 8:04:04 PM : ---web server 4095: running on port 8180---
9/24/2021 8:05:54 PM : ---web server 4095: running on port 8180---
9/24/2021 8:06:16 PM : -request-
9/24/2021 8:06:16 PM : options request
9/24/2021 8:06:16 PM : -request-
9/24/2021 8:06:16 PM : sending proxy request...
9/24/2021 8:06:16 PM : -request-
9/24/2021 8:06:16 PM : /stat request...
9/24/2021 8:06:16 PM : recieving proxy response...
9/24/2021 8:06:16 PM : sending proxy response...
9/24/2021 8:06:16 PM : proxy response sended
9/24/2021 8:15:58 PM : ---web server 4095: running on port 8180---
9/24/2021 8:17:58 PM : -request-
9/24/2021 8:17:58 PM : options request
9/24/2021 8:17:58 PM : -request-
9/24/2021 8:17:58 PM : sending proxy request...
9/24/2021 8:17:58 PM : -request-
9/24/2021 8:17:58 PM : /stat request...
9/24/2021 8:17:58 PM : recieving proxy response...
9/24/2021 8:17:58 PM : sending proxy response...
9/24/2021 8:17:58 PM : proxy response sended
9/24/2021 8:19:29 PM : -request-
9/24/2021 8:19:29 PM : options request
9/24/2021 8:19:29 PM : -request-
9/24/2021 8:19:29 PM : sending proxy request...
9/24/2021 8:19:29 PM : -request-
9/24/2021 8:19:29 PM : /stat request...
9/24/2021 8:19:29 PM : recieving proxy response...
9/24/2021 8:19:29 PM : sending proxy response...
9/24/2021 8:19:29 PM : proxy response sended
9/24/2021 8:21:11 PM : -request-
9/24/2021 8:21:11 PM : options request
9/24/2021 8:21:11 PM : -request-
9/24/2021 8:21:11 PM : sending proxy request...
9/24/2021 8:21:11 PM : -request-
9/24/2021 8:21:11 PM : /stat request...
9/24/2021 8:21:11 PM : recieving proxy response...
9/24/2021 8:21:11 PM : sending proxy response...
9/24/2021 8:21:11 PM : proxy response sended
9/24/2021 8:22:45 PM : -request-
9/24/2021 8:22:45 PM : options request
9/24/2021 8:22:45 PM : -request-
9/24/2021 8:22:45 PM : sending proxy request...
9/24/2021 8:22:45 PM : -request-
9/24/2021 8:22:45 PM : /stat request...
9/24/2021 8:22:45 PM : recieving proxy response...
9/24/2021 8:22:45 PM : sending proxy response...
9/24/2021 8:22:45 PM : proxy response sended
9/24/2021 8:23:05 PM : -request-
9/24/2021 8:23:05 PM : options request
9/24/2021 8:23:05 PM : -request-
9/24/2021 8:23:05 PM : sending proxy request...
9/24/2021 8:23:05 PM : -request-
9/24/2021 8:23:05 PM : /stat request...
9/24/2021 8:23:05 PM : recieving proxy response...
9/24/2021 8:23:05 PM : sending proxy response...
9/24/2021 8:23:05 PM : proxy response sended
9/24/2021 8:24:00 PM : -request-
9/24/2021 8:24:00 PM : options request
9/24/2021 8:24:00 PM : -request-
9/24/2021 8:24:00 PM : sending proxy request...
9/24/2021 8:24:00 PM : -request-
9/24/2021 8:24:00 PM : /stat request...
9/24/2021 8:24:00 PM : recieving proxy response...
9/24/2021 8:24:00 PM : sending proxy response...
9/24/2021 8:24:00 PM : proxy response sended
9/24/2021 8:25:04 PM : -request-
9/24/2021 8:25:04 PM : options request
9/24/2021 8:25:04 PM : -request-
9/24/2021 8:25:04 PM : sending proxy request...
9/24/2021 8:25:04 PM : -request-
9/24/2021 8:25:04 PM : /stat request...
9/24/2021 8:25:04 PM : recieving proxy response...
9/24/2021 8:25:04 PM : sending proxy response...
9/24/2021 8:25:04 PM : proxy response sended
9/24/2021 8:25:33 PM : -request-
9/24/2021 8:25:33 PM : options request
9/24/2021 8:25:33 PM : -request-
9/24/2021 8:25:33 PM : sending proxy request...
9/24/2021 8:25:33 PM : -request-
9/24/2021 8:25:33 PM : /stat request...
9/24/2021 8:25:33 PM : recieving proxy response...
9/24/2021 8:25:33 PM : sending proxy response...
9/24/2021 8:25:33 PM : proxy response sended
9/24/2021 8:26:35 PM : -request-
9/24/2021 8:26:35 PM : options request
9/24/2021 8:26:35 PM : -request-
9/24/2021 8:26:35 PM : sending proxy request...
9/24/2021 8:26:35 PM : -request-
9/24/2021 8:26:35 PM : /stat request...
9/24/2021 8:26:35 PM : recieving proxy response...
9/24/2021 8:26:35 PM : sending proxy response...
9/24/2021 8:26:35 PM : proxy response sended
9/24/2021 8:27:25 PM : -request-
9/24/2021 8:27:25 PM : options request
9/24/2021 8:27:25 PM : -request-
9/24/2021 8:27:25 PM : sending proxy request...
9/24/2021 8:27:25 PM : -request-
9/24/2021 8:27:25 PM : /stat request...
9/24/2021 8:27:25 PM : recieving proxy response...
9/24/2021 8:27:25 PM : sending proxy response...
9/24/2021 8:27:25 PM : proxy response sended
9/24/2021 8:27:51 PM : -request-
9/24/2021 8:27:51 PM : options request
9/24/2021 8:27:51 PM : -request-
9/24/2021 8:27:51 PM : sending proxy request...
9/24/2021 8:27:51 PM : -request-
9/24/2021 8:27:51 PM : /stat request...
9/24/2021 8:27:51 PM : recieving proxy response...
9/24/2021 8:27:51 PM : sending proxy response...
9/24/2021 8:27:51 PM : proxy response sended
9/24/2021 8:29:40 PM : -request-
9/24/2021 8:29:40 PM : options request
9/24/2021 8:29:40 PM : -request-
9/24/2021 8:29:40 PM : sending proxy request...
9/24/2021 8:29:40 PM : -request-
9/24/2021 8:29:40 PM : /stat request...
9/24/2021 8:29:40 PM : recieving proxy response...
9/24/2021 8:29:40 PM : sending proxy response...
9/24/2021 8:29:40 PM : proxy response sended
9/24/2021 8:30:48 PM : -request-
9/24/2021 8:30:48 PM : options request
9/24/2021 8:30:48 PM : -request-
9/24/2021 8:30:48 PM : sending proxy request...
9/24/2021 8:30:48 PM : -request-
9/24/2021 8:30:48 PM : /stat request...
9/24/2021 8:30:48 PM : recieving proxy response...
9/24/2021 8:30:48 PM : sending proxy response...
9/24/2021 8:30:48 PM : proxy response sended
9/24/2021 8:31:38 PM : -request-
9/24/2021 8:31:38 PM : options request
9/24/2021 8:31:38 PM : -request-
9/24/2021 8:31:38 PM : sending proxy request...
9/24/2021 8:31:38 PM : -request-
9/24/2021 8:31:38 PM : /stat request...
9/24/2021 8:31:38 PM : recieving proxy response...
9/24/2021 8:31:38 PM : sending proxy response...
9/24/2021 8:31:38 PM : proxy response sended
9/24/2021 8:31:55 PM : -request-
9/24/2021 8:31:55 PM : options request
9/24/2021 8:31:55 PM : -request-
9/24/2021 8:31:55 PM : sending proxy request...
9/24/2021 8:31:55 PM : -request-
9/24/2021 8:31:55 PM : /stat request...
9/24/2021 8:31:55 PM : recieving proxy response...
9/24/2021 8:31:55 PM : sending proxy response...
9/24/2021 8:31:55 PM : proxy response sended
9/24/2021 8:32:28 PM : -request-
9/24/2021 8:32:28 PM : options request
9/24/2021 8:32:28 PM : -request-
9/24/2021 8:32:28 PM : sending proxy request...
9/24/2021 8:32:28 PM : -request-
9/24/2021 8:32:28 PM : /stat request...
9/24/2021 8:32:28 PM : recieving proxy response...
9/24/2021 8:32:28 PM : sending proxy response...
9/24/2021 8:32:28 PM : proxy response sended
9/24/2021 8:33:07 PM : -request-
9/24/2021 8:33:07 PM : options request
9/24/2021 8:33:07 PM : -request-
9/24/2021 8:33:07 PM : sending proxy request...
9/24/2021 8:33:07 PM : -request-
9/24/2021 8:33:07 PM : /stat request...
9/24/2021 8:33:07 PM : recieving proxy response...
9/24/2021 8:33:07 PM : sending proxy response...
9/24/2021 8:33:07 PM : proxy response sended
9/24/2021 8:33:29 PM : -request-
9/24/2021 8:33:29 PM : options request
9/24/2021 8:33:29 PM : -request-
9/24/2021 8:33:29 PM : sending proxy request...
9/24/2021 8:33:29 PM : -request-
9/24/2021 8:33:29 PM : /stat request...
9/24/2021 8:33:29 PM : recieving proxy response...
9/24/2021 8:33:29 PM : sending proxy response...
9/24/2021 8:33:29 PM : proxy response sended
9/24/2021 8:33:38 PM : -request-
9/24/2021 8:33:38 PM : options request
9/24/2021 8:33:38 PM : -request-
9/24/2021 8:33:38 PM : sending proxy request...
9/24/2021 8:33:38 PM : -request-
9/24/2021 8:33:38 PM : /stat request...
9/24/2021 8:33:38 PM : recieving proxy response...
9/24/2021 8:33:38 PM : sending proxy response...
9/24/2021 8:33:38 PM : proxy response sended
9/24/2021 8:33:42 PM : -request-
9/24/2021 8:33:42 PM : options request
9/24/2021 8:33:42 PM : -request-
9/24/2021 8:33:42 PM : sending proxy request...
9/24/2021 8:33:42 PM : -request-
9/24/2021 8:33:42 PM : /stat request...
9/24/2021 8:33:42 PM : recieving proxy response...
9/24/2021 8:33:42 PM : sending proxy response...
9/24/2021 8:33:42 PM : proxy response sended
9/24/2021 8:34:13 PM : -request-
9/24/2021 8:34:13 PM : options request
9/24/2021 8:34:13 PM : -request-
9/24/2021 8:34:13 PM : sending proxy request...
9/24/2021 8:34:13 PM : -request-
9/24/2021 8:34:13 PM : /stat request...
9/24/2021 8:34:13 PM : recieving proxy response...
9/24/2021 8:34:13 PM : sending proxy response...
9/24/2021 8:34:13 PM : proxy response sended
9/24/2021 8:34:38 PM : -request-
9/24/2021 8:34:38 PM : options request
9/24/2021 8:34:38 PM : -request-
9/24/2021 8:34:38 PM : sending proxy request...
9/24/2021 8:34:38 PM : -request-
9/24/2021 8:34:38 PM : /stat request...
9/24/2021 8:34:38 PM : recieving proxy response...
9/24/2021 8:34:38 PM : sending proxy response...
9/24/2021 8:34:38 PM : proxy response sended
9/24/2021 8:36:11 PM : -request-
9/24/2021 8:36:11 PM : options request
9/24/2021 8:36:11 PM : -request-
9/24/2021 8:36:11 PM : sending proxy request...
9/24/2021 8:36:11 PM : -request-
9/24/2021 8:36:11 PM : /stat request...
9/24/2021 8:36:11 PM : recieving proxy response...
9/24/2021 8:36:11 PM : sending proxy response...
9/24/2021 8:36:11 PM : proxy response sended
9/24/2021 8:36:56 PM : -request-
9/24/2021 8:36:56 PM : options request
9/24/2021 8:36:56 PM : -request-
9/24/2021 8:36:56 PM : sending proxy request...
9/24/2021 8:36:56 PM : -request-
9/24/2021 8:36:56 PM : /stat request...
9/24/2021 8:36:56 PM : recieving proxy response...
9/24/2021 8:36:56 PM : sending proxy response...
9/24/2021 8:36:56 PM : proxy response sended
9/24/2021 8:38:32 PM : -request-
9/24/2021 8:38:32 PM : options request
9/24/2021 8:38:32 PM : -request-
9/24/2021 8:38:32 PM : sending proxy request...
9/24/2021 8:38:32 PM : -request-
9/24/2021 8:38:32 PM : /vote request...
9/24/2021 8:38:32 PM : recieving proxy response...
9/24/2021 8:38:32 PM : sending proxy response...
9/24/2021 8:49:03 PM : ---web server 4095: running on port 8180---
9/24/2021 8:49:28 PM : -request-
9/24/2021 8:49:28 PM : options request
9/24/2021 8:49:28 PM : -request-
9/24/2021 8:49:28 PM : sending proxy request...
9/24/2021 8:49:28 PM : -request-
9/24/2021 8:49:28 PM : /stat request...
9/24/2021 8:49:28 PM : recieving proxy response...
9/24/2021 8:49:28 PM : sending proxy response...
9/24/2021 8:49:28 PM : proxy response sended
9/24/2021 8:50:06 PM : -request-
9/24/2021 8:50:06 PM : options request
9/24/2021 8:50:06 PM : -request-
9/24/2021 8:50:06 PM : sending proxy request...
9/24/2021 8:50:06 PM : -request-
9/24/2021 8:50:06 PM : /vote request...
9/24/2021 8:50:06 PM : recieving proxy response...
9/24/2021 8:50:06 PM : sending proxy response...
9/24/2021 8:50:19 PM : -request-
9/24/2021 8:50:19 PM : options request
9/24/2021 8:50:19 PM : -request-
9/24/2021 8:50:19 PM : sending proxy request...
9/24/2021 8:50:19 PM : recieving proxy response...
9/24/2021 8:50:19 PM : sending proxy response...
9/24/2021 8:50:19 PM : -request-
9/24/2021 8:50:19 PM : options request
9/24/2021 8:50:19 PM : -request-
9/24/2021 8:50:19 PM : sending proxy request...
9/24/2021 8:50:19 PM : recieving proxy response...
9/24/2021 8:50:19 PM : sending proxy response...
9/24/2021 8:50:20 PM : -request-
9/24/2021 8:50:20 PM : options request
9/24/2021 8:50:20 PM : -request-
9/24/2021 8:50:20 PM : sending proxy request...
9/24/2021 8:50:20 PM : recieving proxy response...
9/24/2021 8:50:20 PM : sending proxy response...
9/24/2021 8:50:33 PM : -request-
9/24/2021 8:50:33 PM : options request
9/24/2021 8:50:33 PM : -request-
9/24/2021 8:50:33 PM : sending proxy request...
9/24/2021 8:50:33 PM : -request-
9/24/2021 8:50:33 PM : /vote request...
9/24/2021 8:50:33 PM : recieving proxy response...
9/24/2021 8:50:33 PM : sending proxy response...
9/24/2021 8:50:33 PM : -request-
9/24/2021 8:50:33 PM : options request
9/24/2021 8:50:33 PM : -request-
9/24/2021 8:50:33 PM : sending proxy request...
9/24/2021 8:50:33 PM : -request-
9/24/2021 8:50:33 PM : /vote request...
9/24/2021 8:50:33 PM : recieving proxy response...
9/24/2021 8:50:33 PM : sending proxy response...
9/24/2021 8:51:40 PM : -request-
9/24/2021 8:51:40 PM : options request
9/24/2021 8:53:04 PM : ---web server 4095: running on port 8180---
9/24/2021 9:09:33 PM : ---web server 4095: running on port 8180---
9/24/2021 9:09:52 PM : ---web server 4095: running on port 8180---
9/24/2021 9:14:11 PM : ---web server 4095: running on port 8180---
9/24/2021 9:14:24 PM : -request-
9/24/2021 9:14:24 PM : options request
9/24/2021 9:14:24 PM : -request-
9/24/2021 9:14:24 PM : sending proxy request...
9/24/2021 9:14:24 PM : -request-
9/24/2021 9:14:24 PM : /stat request...
9/24/2021 9:14:25 PM : recieving proxy response...
9/24/2021 9:14:25 PM : sending proxy response...
9/24/2021 9:16:18 PM : ---web server 4095: running on port 8180---
9/24/2021 9:16:23 PM : -request-
9/24/2021 9:16:23 PM : options request
9/24/2021 9:16:23 PM : -request-
9/24/2021 9:16:23 PM : sending proxy request...
9/24/2021 9:16:23 PM : -request-
9/24/2021 9:16:23 PM : /stat request...
9/24/2021 9:16:23 PM : recieving proxy response...
9/24/2021 9:16:23 PM : sending proxy response...
9/24/2021 9:17:16 PM : ---web server 4095: running on port 8180---
9/24/2021 9:17:16 PM : -request-
9/24/2021 9:17:16 PM : sending proxy request...
9/24/2021 9:17:16 PM : -request-
9/24/2021 9:17:16 PM : /stat request...
9/24/2021 9:17:16 PM : recieving proxy response...
9/24/2021 9:17:16 PM : sending proxy response...
9/24/2021 9:17:43 PM : -request-
9/24/2021 9:17:43 PM : options request
9/24/2021 9:17:43 PM : -request-
9/24/2021 9:17:43 PM : sending proxy request...
9/24/2021 9:17:43 PM : -request-
9/24/2021 9:17:43 PM : /stat request...
9/24/2021 9:17:43 PM : recieving proxy response...
9/24/2021 9:17:43 PM : sending proxy response...
9/24/2021 9:18:23 PM : ---web server 4095: running on port 8180---
9/24/2021 9:18:23 PM : -request-
9/24/2021 9:18:23 PM : sending proxy request...
9/24/2021 9:18:23 PM : -request-
9/24/2021 9:18:23 PM : /stat request...
9/24/2021 9:18:23 PM : recieving proxy response...
9/24/2021 9:18:23 PM : sending proxy response...
9/24/2021 9:18:28 PM : -request-
9/24/2021 9:18:28 PM : options request
9/24/2021 9:18:28 PM : -request-
9/24/2021 9:18:28 PM : sending proxy request...
9/24/2021 9:18:28 PM : -request-
9/24/2021 9:18:28 PM : /stat request...
9/24/2021 9:18:28 PM : recieving proxy response...
9/24/2021 9:18:28 PM : sending proxy response...
9/24/2021 9:19:34 PM : ---web server 4095: running on port 8180---
9/24/2021 9:19:34 PM : -request-
9/24/2021 9:19:34 PM : sending proxy request...
9/24/2021 9:19:34 PM : -request-
9/24/2021 9:19:34 PM : /stat request...
9/24/2021 9:19:34 PM : recieving proxy response...
9/24/2021 9:19:34 PM : sending proxy response...
9/24/2021 9:19:40 PM : -request-
9/24/2021 9:19:40 PM : options request
9/24/2021 9:19:40 PM : -request-
9/24/2021 9:19:40 PM : sending proxy request...
9/24/2021 9:19:40 PM : -request-
9/24/2021 9:19:40 PM : /stat request...
9/24/2021 9:19:40 PM : recieving proxy response...
9/24/2021 9:19:40 PM : sending proxy response...
9/24/2021 9:20:45 PM : -request-
9/24/2021 9:20:45 PM : /stat request...
9/24/2021 9:20:51 PM : ---web server 4095: running on port 8180---
9/24/2021 9:20:51 PM : -request-
9/24/2021 9:20:51 PM : sending proxy request...
9/24/2021 9:20:51 PM : -request-
9/24/2021 9:20:51 PM : /stat request...
9/24/2021 9:20:51 PM : recieving proxy response...
9/24/2021 9:20:51 PM : sending proxy response...
9/24/2021 9:20:58 PM : -request-
9/24/2021 9:20:58 PM : options request
9/24/2021 9:20:58 PM : -request-
9/24/2021 9:20:58 PM : sending proxy request...
9/24/2021 9:20:58 PM : -request-
9/24/2021 9:20:58 PM : /stat request...
9/24/2021 9:20:58 PM : recieving proxy response...
9/24/2021 9:20:58 PM : sending proxy response...
9/24/2021 9:21:03 PM : -request-
9/24/2021 9:21:03 PM : /stat request...
9/24/2021 9:22:19 PM : ---web server 4095: running on port 8180---
9/24/2021 9:22:19 PM : -request-
9/24/2021 9:22:19 PM : sending proxy request...
9/24/2021 9:22:19 PM : -request-
9/24/2021 9:22:19 PM : /stat request...
9/24/2021 9:22:19 PM : recieving proxy response...
9/24/2021 9:22:19 PM : sending proxy response...
9/24/2021 9:22:19 PM : proxy response sended
9/24/2021 9:22:35 PM : -request-
9/24/2021 9:22:35 PM : options request
9/24/2021 9:22:35 PM : -request-
9/24/2021 9:22:35 PM : sending proxy request...
9/24/2021 9:22:35 PM : -request-
9/24/2021 9:22:35 PM : /stat request...
9/24/2021 9:22:35 PM : recieving proxy response...
9/24/2021 9:22:35 PM : sending proxy response...
9/24/2021 9:22:35 PM : proxy response sended
9/24/2021 9:23:14 PM : -request-
9/24/2021 9:23:14 PM : /stat request...
9/24/2021 9:23:26 PM : ---web server 4095: running on port 8180---
9/24/2021 9:23:29 PM : ---web server 4095: running on port 8180---
9/24/2021 9:23:37 PM : -request-
9/24/2021 9:23:37 PM : options request
9/24/2021 9:23:37 PM : -request-
9/24/2021 9:23:37 PM : sending proxy request...
9/24/2021 9:23:37 PM : -request-
9/24/2021 9:23:37 PM : /stat request...
9/24/2021 9:23:37 PM : recieving proxy response...
9/24/2021 9:23:37 PM : sending proxy response...
9/24/2021 9:23:37 PM : proxy response sended
9/24/2021 9:25:04 PM : ---web server 4095: running on port 8180---
9/24/2021 9:26:47 PM : -request-
9/24/2021 9:26:47 PM : options request
9/24/2021 9:26:47 PM : -request-
9/24/2021 9:26:47 PM : sending proxy request...
9/24/2021 9:26:47 PM : -request-
9/24/2021 9:26:47 PM : /stat request...
9/24/2021 9:26:47 PM : recieving proxy response...
9/24/2021 9:26:47 PM : sending proxy response...
9/24/2021 9:26:47 PM : proxy response sended
9/24/2021 9:28:03 PM : ---web server 4095: running on port 8180---
9/24/2021 9:28:28 PM : -request-
9/24/2021 9:28:28 PM : options request
9/24/2021 9:28:28 PM : -request-
9/24/2021 9:28:28 PM : sending proxy request...
9/24/2021 9:28:28 PM : -request-
9/24/2021 9:28:28 PM : /stat request...
9/24/2021 9:28:28 PM : recieving proxy response...
9/24/2021 9:28:28 PM : sending proxy response...
9/24/2021 9:28:28 PM : proxy response sended
9/24/2021 9:30:10 PM : -request-
9/24/2021 9:30:10 PM : options request
9/24/2021 9:30:10 PM : -request-
9/24/2021 9:30:10 PM : sending proxy request...
9/24/2021 9:30:10 PM : -request-
9/24/2021 9:30:10 PM : /stat request...
9/24/2021 9:30:10 PM : recieving proxy response...
9/24/2021 9:30:10 PM : sending proxy response...
9/24/2021 9:30:10 PM : proxy response sended
9/24/2021 9:30:56 PM : -request-
9/24/2021 9:30:56 PM : options request
9/24/2021 9:30:56 PM : -request-
9/24/2021 9:30:56 PM : sending proxy request...
9/24/2021 9:30:56 PM : -request-
9/24/2021 9:30:56 PM : /stat request...
9/24/2021 9:30:56 PM : recieving proxy response...
9/24/2021 9:30:56 PM : sending proxy response...
9/24/2021 9:30:56 PM : proxy response sended
9/24/2021 9:31:04 PM : -request-
9/24/2021 9:31:04 PM : options request
9/24/2021 9:31:04 PM : -request-
9/24/2021 9:31:04 PM : sending proxy request...
9/24/2021 9:31:04 PM : -request-
9/24/2021 9:31:04 PM : /stat request...
9/24/2021 9:31:05 PM : recieving proxy response...
9/24/2021 9:31:05 PM : sending proxy response...
9/24/2021 9:31:05 PM : proxy response sended
9/24/2021 9:31:22 PM : -request-
9/24/2021 9:31:22 PM : options request
9/24/2021 9:31:22 PM : -request-
9/24/2021 9:31:22 PM : sending proxy request...
9/24/2021 9:31:22 PM : -request-
9/24/2021 9:31:22 PM : /stat request...
9/24/2021 9:31:22 PM : recieving proxy response...
9/24/2021 9:31:22 PM : sending proxy response...
9/24/2021 9:31:22 PM : proxy response sended
9/24/2021 9:31:53 PM : -request-
9/24/2021 9:31:53 PM : options request
9/24/2021 9:31:53 PM : -request-
9/24/2021 9:31:53 PM : sending proxy request...
9/24/2021 9:31:53 PM : -request-
9/24/2021 9:31:53 PM : /stat request...
9/24/2021 9:31:53 PM : recieving proxy response...
9/24/2021 9:31:53 PM : sending proxy response...
9/24/2021 9:31:53 PM : proxy response sended
9/24/2021 9:32:06 PM : -request-
9/24/2021 9:32:06 PM : options request
9/24/2021 9:32:06 PM : -request-
9/24/2021 9:32:06 PM : sending proxy request...
9/24/2021 9:32:06 PM : -request-
9/24/2021 9:32:06 PM : /stat request...
9/24/2021 9:32:06 PM : recieving proxy response...
9/24/2021 9:32:06 PM : sending proxy response...
9/24/2021 9:32:06 PM : proxy response sended
9/24/2021 9:33:16 PM : -request-
9/24/2021 9:33:16 PM : options request
9/24/2021 9:33:16 PM : -request-
9/24/2021 9:33:16 PM : sending proxy request...
9/24/2021 9:33:16 PM : recieving proxy response...
9/24/2021 9:33:16 PM : sending proxy response...
9/24/2021 9:33:16 PM : proxy response sended
9/24/2021 9:33:57 PM : -request-
9/24/2021 9:33:57 PM : options request
9/24/2021 9:33:57 PM : -request-
9/24/2021 9:33:57 PM : sending proxy request...
9/24/2021 9:33:57 PM : -request-
9/24/2021 9:33:57 PM : /vote request...
9/24/2021 9:33:57 PM : recieving proxy response...
9/24/2021 9:33:57 PM : sending proxy response...
9/24/2021 9:33:57 PM : proxy response sended
9/24/2021 9:34:06 PM : -request-
9/24/2021 9:34:06 PM : options request
9/24/2021 9:34:06 PM : -request-
9/24/2021 9:34:06 PM : sending proxy request...
9/24/2021 9:34:06 PM : -request-
9/24/2021 9:34:06 PM : /vote request...
9/24/2021 9:34:06 PM : recieving proxy response...
9/24/2021 9:34:06 PM : sending proxy response...
9/24/2021 9:34:06 PM : proxy response sended
9/24/2021 9:34:11 PM : -request-
9/24/2021 9:34:11 PM : options request
9/24/2021 9:34:11 PM : -request-
9/24/2021 9:34:11 PM : sending proxy request...
9/24/2021 9:34:11 PM : -request-
9/24/2021 9:34:11 PM : /vote request...
9/24/2021 9:34:11 PM : recieving proxy response...
9/24/2021 9:34:11 PM : sending proxy response...
9/24/2021 9:34:11 PM : proxy response sended
9/24/2021 9:35:58 PM : ---web server 4095: running on port 8180---
9/24/2021 9:36:24 PM : -request-
9/24/2021 9:36:24 PM : options request
9/24/2021 9:36:24 PM : -request-
9/24/2021 9:36:24 PM : sending proxy request...
9/24/2021 9:36:24 PM : -request-
9/24/2021 9:36:24 PM : /vote request...
9/24/2021 9:36:24 PM : recieving proxy response...
9/24/2021 9:36:24 PM : sending proxy response...
9/24/2021 9:36:24 PM : proxy response sended
9/24/2021 9:36:56 PM : ---web server 4095: running on port 8180---
9/24/2021 9:37:47 PM : -request-
9/24/2021 9:37:47 PM : options request
9/24/2021 9:37:47 PM : -request-
9/24/2021 9:37:47 PM : sending proxy request...
9/24/2021 9:37:48 PM : -request-
9/24/2021 9:37:48 PM : /vote request...
9/24/2021 9:37:48 PM : recieving proxy response...
9/24/2021 9:37:48 PM : sending proxy response...
9/24/2021 9:37:48 PM : proxy response sended
9/24/2021 9:38:06 PM : -request-
9/24/2021 9:38:06 PM : options request
9/24/2021 9:38:06 PM : -request-
9/24/2021 9:38:06 PM : sending proxy request...
9/24/2021 9:38:06 PM : -request-
9/24/2021 9:38:06 PM : /vote request...
9/24/2021 9:38:06 PM : recieving proxy response...
9/24/2021 9:38:06 PM : sending proxy response...
9/24/2021 9:38:06 PM : proxy response sended
9/24/2021 9:38:45 PM : ---web server 4095: running on port 8180---
9/24/2021 9:39:00 PM : -request-
9/24/2021 9:39:00 PM : options request
9/24/2021 9:39:00 PM : -request-
9/24/2021 9:39:00 PM : sending proxy request...
9/24/2021 9:39:00 PM : -request-
9/24/2021 9:39:00 PM : /vote request...
9/24/2021 9:39:00 PM : recieving proxy response...
9/24/2021 9:39:00 PM : sending proxy response...
9/24/2021 9:39:00 PM : proxy response sended
9/24/2021 9:39:03 PM : -request-
9/24/2021 9:39:03 PM : options request
9/24/2021 9:39:03 PM : -request-
9/24/2021 9:39:03 PM : sending proxy request...
9/24/2021 9:39:03 PM : -request-
9/24/2021 9:39:03 PM : /vote request...
9/24/2021 9:39:03 PM : recieving proxy response...
9/24/2021 9:39:03 PM : sending proxy response...
9/24/2021 9:39:03 PM : proxy response sended
9/24/2021 9:39:58 PM : ---web server 4095: running on port 8180---
9/24/2021 9:40:16 PM : -request-
9/24/2021 9:40:16 PM : options request
9/24/2021 9:40:16 PM : -request-
9/24/2021 9:40:16 PM : sending proxy request...
9/24/2021 9:40:16 PM : -request-
9/24/2021 9:40:16 PM : /vote request...
9/24/2021 9:40:16 PM : recieving proxy response...
9/24/2021 9:40:16 PM : sending proxy response...
9/24/2021 9:40:16 PM : proxy response sended
9/24/2021 9:40:22 PM : -request-
9/24/2021 9:40:22 PM : options request
9/24/2021 9:40:22 PM : -request-
9/24/2021 9:40:22 PM : sending proxy request...
9/24/2021 9:40:22 PM : -request-
9/24/2021 9:40:22 PM : /vote request...
9/24/2021 9:40:22 PM : recieving proxy response...
9/24/2021 9:40:22 PM : sending proxy response...
9/24/2021 9:40:22 PM : proxy response sended
9/24/2021 9:40:56 PM : ---web server 4095: running on port 8180---
9/24/2021 9:41:11 PM : -request-
9/24/2021 9:41:11 PM : options request
9/24/2021 9:41:11 PM : -request-
9/24/2021 9:41:11 PM : sending proxy request...
9/24/2021 9:41:11 PM : -request-
9/24/2021 9:41:11 PM : /stat request...
9/24/2021 9:41:11 PM : recieving proxy response...
9/24/2021 9:41:11 PM : sending proxy response...
9/24/2021 9:41:11 PM : proxy response sended
9/24/2021 9:41:45 PM : -request-
9/24/2021 9:41:45 PM : options request
9/24/2021 9:41:45 PM : -request-
9/24/2021 9:41:45 PM : sending proxy request...
9/24/2021 9:41:45 PM : -request-
9/24/2021 9:41:45 PM : /message request...
9/24/2021 9:41:45 PM : recieving proxy response...
9/24/2021 9:41:45 PM : sending proxy response...
9/24/2021 9:41:45 PM : proxy response sended
9/24/2021 9:43:10 PM : ---web server 4095: running on port 8180---
9/24/2021 9:43:14 PM : -request-
9/24/2021 9:43:14 PM : options request
9/24/2021 9:43:14 PM : -request-
9/24/2021 9:43:14 PM : sending proxy request...
9/24/2021 9:43:14 PM : -request-
9/24/2021 9:43:14 PM : /message request...
9/24/2021 9:43:14 PM : recieving proxy response...
9/24/2021 9:43:14 PM : sending proxy response...
9/24/2021 9:43:14 PM : proxy response sended
9/24/2021 9:43:45 PM : ---web server 4095: running on port 8180---
9/24/2021 9:43:54 PM : -request-
9/24/2021 9:43:54 PM : options request
9/24/2021 9:43:54 PM : -request-
9/24/2021 9:43:54 PM : sending proxy request...
9/24/2021 9:43:54 PM : -request-
9/24/2021 9:43:54 PM : /message request...
9/24/2021 9:43:54 PM : recieving proxy response...
9/24/2021 9:43:54 PM : sending proxy response...
9/24/2021 9:43:54 PM : proxy response sended
9/24/2021 9:44:01 PM : -request-
9/24/2021 9:44:01 PM : options request
9/24/2021 9:44:01 PM : -request-
9/24/2021 9:44:01 PM : sending proxy request...
9/24/2021 9:44:01 PM : -request-
9/24/2021 9:44:01 PM : /stat request...
9/24/2021 9:44:01 PM : recieving proxy response...
9/24/2021 9:44:01 PM : sending proxy response...
9/24/2021 9:44:01 PM : proxy response sended
9/24/2021 9:44:26 PM : ---web server 4095: running on port 8180---
9/24/2021 9:44:31 PM : -request-
9/24/2021 9:44:31 PM : options request
9/24/2021 9:44:31 PM : -request-
9/24/2021 9:44:31 PM : sending proxy request...
9/24/2021 9:44:31 PM : -request-
9/24/2021 9:44:31 PM : /stat request...
9/24/2021 9:44:31 PM : recieving proxy response...
9/24/2021 9:44:31 PM : sending proxy response...
9/24/2021 9:44:31 PM : proxy response sended
9/24/2021 9:45:21 PM : ---web server 4095: running on port 8180---
9/24/2021 9:45:25 PM : -request-
9/24/2021 9:45:25 PM : options request
9/24/2021 9:45:25 PM : -request-
9/24/2021 9:45:25 PM : sending proxy request...
9/24/2021 9:45:25 PM : -request-
9/24/2021 9:45:25 PM : /stat request...
9/24/2021 9:45:25 PM : recieving proxy response...
9/24/2021 9:45:25 PM : sending proxy response...
9/24/2021 9:45:25 PM : proxy response sended
9/24/2021 9:46:16 PM : ---web server 4095: running on port 8180---
9/24/2021 9:48:19 PM : -request-
9/24/2021 9:48:19 PM : options request
9/24/2021 9:48:19 PM : -request-
9/24/2021 9:48:19 PM : sending proxy request...
9/24/2021 9:48:19 PM : -request-
9/24/2021 9:48:19 PM : /stat request...
9/24/2021 9:48:19 PM : recieving proxy response...
9/24/2021 9:48:19 PM : sending proxy response...
9/24/2021 9:48:19 PM : proxy response sended
9/24/2021 9:48:58 PM : ---web server 4095: running on port 8180---
9/24/2021 9:49:00 PM : -request-
9/24/2021 9:49:00 PM : options request
9/24/2021 9:49:00 PM : -request-
9/24/2021 9:49:00 PM : sending proxy request...
9/24/2021 9:49:00 PM : -request-
9/24/2021 9:49:00 PM : /stat request...
9/24/2021 9:49:00 PM : recieving proxy response...
9/24/2021 9:49:00 PM : sending proxy response...
9/24/2021 9:49:00 PM : proxy response sended
9/24/2021 9:49:29 PM : ---web server 4095: running on port 8180---
9/24/2021 9:49:31 PM : -request-
9/24/2021 9:49:31 PM : options request
9/24/2021 9:49:31 PM : -request-
9/24/2021 9:49:31 PM : sending proxy request...
9/24/2021 9:49:31 PM : -request-
9/24/2021 9:49:31 PM : /stat request...
9/24/2021 9:49:31 PM : recieving proxy response...
9/24/2021 9:49:31 PM : sending proxy response...
9/24/2021 9:49:31 PM : proxy response sended
9/24/2021 9:49:55 PM : ---web server 4095: running on port 8180---
9/24/2021 9:49:57 PM : -request-
9/24/2021 9:49:57 PM : options request
9/24/2021 9:49:57 PM : -request-
9/24/2021 9:49:57 PM : sending proxy request...
9/24/2021 9:49:57 PM : -request-
9/24/2021 9:49:57 PM : /stat request...
9/24/2021 9:49:57 PM : recieving proxy response...
9/24/2021 9:49:57 PM : sending proxy response...
9/24/2021 9:49:57 PM : proxy response sended
9/24/2021 9:50:19 PM : ---web server 4095: running on port 8180---
9/24/2021 9:50:22 PM : -request-
9/24/2021 9:50:22 PM : options request
9/24/2021 9:50:22 PM : -request-
9/24/2021 9:50:22 PM : sending proxy request...
9/24/2021 9:50:22 PM : -request-
9/24/2021 9:50:22 PM : /stat request...
9/24/2021 9:50:22 PM : recieving proxy response...
9/24/2021 9:50:22 PM : sending proxy response...
9/24/2021 9:50:22 PM : proxy response sended
9/24/2021 9:50:53 PM : ---web server 4095: running on port 8180---
9/24/2021 9:50:55 PM : -request-
9/24/2021 9:50:55 PM : options request
9/24/2021 9:50:55 PM : -request-
9/24/2021 9:50:55 PM : sending proxy request...
9/24/2021 9:50:55 PM : -request-
9/24/2021 9:50:55 PM : /stat request...
9/24/2021 9:50:55 PM : recieving proxy response...
9/24/2021 9:50:55 PM : sending proxy response...
9/24/2021 9:50:55 PM : proxy response sended
9/24/2021 9:52:24 PM : ---web server 4095: running on port 8180---
9/24/2021 9:52:35 PM : ---web server 4095: running on port 8180---
9/24/2021 9:52:39 PM : -request-
9/24/2021 9:52:39 PM : options request
9/24/2021 9:53:15 PM : ---web server 4095: running on port 8180---
9/24/2021 9:53:16 PM : -request-
9/24/2021 9:53:16 PM : options request
9/24/2021 9:53:16 PM : -request-
9/24/2021 9:53:16 PM : sending proxy request...
9/24/2021 9:53:16 PM : -request-
9/24/2021 9:53:16 PM : /stat request...
9/24/2021 9:53:16 PM : recieving proxy response...
9/24/2021 9:53:16 PM : sending proxy response...
9/24/2021 9:53:16 PM : proxy response sended
9/24/2021 9:53:18 PM : -request-
9/24/2021 9:53:18 PM : options request
9/24/2021 9:53:18 PM : -request-
9/24/2021 9:53:18 PM : sending proxy request...
9/24/2021 9:53:18 PM : -request-
9/24/2021 9:53:18 PM : /stat request...
9/24/2021 9:53:18 PM : recieving proxy response...
9/24/2021 9:53:18 PM : sending proxy response...
9/24/2021 9:53:18 PM : proxy response sended
9/24/2021 9:53:22 PM : -request-
9/24/2021 9:53:22 PM : options request
9/24/2021 9:53:22 PM : -request-
9/24/2021 9:53:22 PM : sending proxy request...
9/24/2021 9:53:22 PM : -request-
9/24/2021 9:53:22 PM : /stat request...
9/24/2021 9:53:22 PM : recieving proxy response...
9/24/2021 9:53:22 PM : sending proxy response...
9/24/2021 9:53:22 PM : proxy response sended
9/24/2021 9:53:23 PM : -request-
9/24/2021 9:53:23 PM : options request
9/24/2021 9:53:23 PM : -request-
9/24/2021 9:53:23 PM : sending proxy request...
9/24/2021 9:53:23 PM : -request-
9/24/2021 9:53:23 PM : /stat request...
9/24/2021 9:53:23 PM : recieving proxy response...
9/24/2021 9:53:23 PM : sending proxy response...
9/24/2021 9:53:23 PM : proxy response sended
9/24/2021 9:57:08 PM : ---web server 4095: running on port 8180---
9/24/2021 9:57:12 PM : ---web server 4095: running on port 8180---
9/24/2021 9:57:18 PM : -request-
9/24/2021 9:57:18 PM : options request
9/24/2021 9:57:18 PM : -request-
9/24/2021 9:57:18 PM : sending proxy request...
9/24/2021 9:57:18 PM : -request-
9/24/2021 9:57:18 PM : /stat request...
9/24/2021 9:57:18 PM : recieving proxy response...
9/24/2021 9:57:18 PM : sending proxy response...
9/24/2021 9:57:18 PM : proxy response sended
9/24/2021 9:57:56 PM : ---web server 4095: running on port 8180---
9/24/2021 9:58:15 PM : -request-
9/24/2021 9:58:15 PM : options request
9/24/2021 9:58:15 PM : -request-
9/24/2021 9:58:15 PM : sending proxy request...
9/24/2021 9:58:15 PM : -request-
9/24/2021 9:58:15 PM : /stat request...
9/24/2021 9:58:15 PM : recieving proxy response...
9/24/2021 9:58:15 PM : sending proxy response...
9/24/2021 9:58:15 PM : proxy response sended
9/24/2021 9:58:39 PM : -request-
9/24/2021 9:58:39 PM : options request
9/24/2021 9:58:39 PM : -request-
9/24/2021 9:58:39 PM : sending proxy request...
9/24/2021 9:58:39 PM : -request-
9/24/2021 9:58:39 PM : /stat request...
9/24/2021 9:58:39 PM : recieving proxy response...
9/24/2021 9:58:39 PM : sending proxy response...
9/24/2021 9:58:39 PM : proxy response sended
9/24/2021 9:59:26 PM : ---web server 4095: running on port 8180---
9/24/2021 9:59:31 PM : -request-
9/24/2021 9:59:31 PM : options request
9/24/2021 9:59:31 PM : -request-
9/24/2021 9:59:31 PM : sending proxy request...
9/24/2021 9:59:31 PM : -request-
9/24/2021 9:59:31 PM : /stat request...
9/24/2021 9:59:31 PM : recieving proxy response...
9/24/2021 9:59:31 PM : sending proxy response...
9/24/2021 9:59:31 PM : proxy response sended
9/24/2021 9:59:37 PM : -request-
9/24/2021 9:59:37 PM : options request
9/24/2021 9:59:37 PM : -request-
9/24/2021 9:59:37 PM : sending proxy request...
9/24/2021 9:59:37 PM : -request-
9/24/2021 9:59:37 PM : /stat request...
9/24/2021 9:59:37 PM : recieving proxy response...
9/24/2021 9:59:37 PM : sending proxy response...
9/24/2021 9:59:37 PM : proxy response sended
9/24/2021 9:59:38 PM : -request-
9/24/2021 9:59:38 PM : options request
9/24/2021 9:59:38 PM : -request-
9/24/2021 9:59:38 PM : sending proxy request...
9/24/2021 9:59:38 PM : -request-
9/24/2021 9:59:38 PM : /stat request...
9/24/2021 9:59:38 PM : recieving proxy response...
9/24/2021 9:59:38 PM : sending proxy response...
9/24/2021 9:59:38 PM : proxy response sended
9/24/2021 9:59:39 PM : -request-
9/24/2021 9:59:39 PM : options request
9/24/2021 9:59:39 PM : -request-
9/24/2021 9:59:39 PM : sending proxy request...
9/24/2021 9:59:39 PM : -request-
9/24/2021 9:59:39 PM : /stat request...
9/24/2021 9:59:39 PM : recieving proxy response...
9/24/2021 9:59:39 PM : sending proxy response...
9/24/2021 9:59:39 PM : proxy response sended
9/24/2021 10:00:21 PM : -request-
9/24/2021 10:00:21 PM : options request
9/24/2021 10:00:21 PM : -request-
9/24/2021 10:00:21 PM : sending proxy request...
9/24/2021 10:00:21 PM : -request-
9/24/2021 10:00:21 PM : /stat request...
9/24/2021 10:00:21 PM : recieving proxy response...
9/24/2021 10:00:21 PM : sending proxy response...
9/24/2021 10:00:21 PM : proxy response sended
9/24/2021 10:00:23 PM : -request-
9/24/2021 10:00:23 PM : options request
9/24/2021 10:00:23 PM : -request-
9/24/2021 10:00:23 PM : sending proxy request...
9/24/2021 10:00:23 PM : -request-
9/24/2021 10:00:23 PM : /stat request...
9/24/2021 10:00:23 PM : recieving proxy response...
9/24/2021 10:00:23 PM : sending proxy response...
9/24/2021 10:00:23 PM : proxy response sended
9/24/2021 10:00:24 PM : -request-
9/24/2021 10:00:24 PM : options request
9/24/2021 10:00:24 PM : -request-
9/24/2021 10:00:24 PM : sending proxy request...
9/24/2021 10:00:24 PM : -request-
9/24/2021 10:00:24 PM : /stat request...
9/24/2021 10:00:24 PM : recieving proxy response...
9/24/2021 10:00:24 PM : sending proxy response...
9/24/2021 10:00:24 PM : proxy response sended
9/24/2021 10:00:24 PM : -request-
9/24/2021 10:00:24 PM : options request
9/24/2021 10:00:24 PM : -request-
9/24/2021 10:00:24 PM : sending proxy request...
9/24/2021 10:00:24 PM : -request-
9/24/2021 10:00:24 PM : /stat request...
9/24/2021 10:00:24 PM : recieving proxy response...
9/24/2021 10:00:24 PM : sending proxy response...
9/24/2021 10:00:24 PM : proxy response sended
9/24/2021 10:00:24 PM : -request-
9/24/2021 10:00:24 PM : options request
9/24/2021 10:00:24 PM : -request-
9/24/2021 10:00:24 PM : sending proxy request...
9/24/2021 10:00:24 PM : -request-
9/24/2021 10:00:24 PM : /stat request...
9/24/2021 10:00:24 PM : recieving proxy response...
9/24/2021 10:00:24 PM : sending proxy response...
9/24/2021 10:00:24 PM : proxy response sended
9/24/2021 10:00:25 PM : -request-
9/24/2021 10:00:25 PM : options request
9/24/2021 10:00:25 PM : -request-
9/24/2021 10:00:25 PM : sending proxy request...
9/24/2021 10:00:25 PM : -request-
9/24/2021 10:00:25 PM : /stat request...
9/24/2021 10:00:25 PM : recieving proxy response...
9/24/2021 10:00:25 PM : sending proxy response...
9/24/2021 10:00:25 PM : proxy response sended
9/24/2021 10:00:25 PM : -request-
9/24/2021 10:00:25 PM : options request
9/24/2021 10:00:25 PM : -request-
9/24/2021 10:00:25 PM : sending proxy request...
9/24/2021 10:00:25 PM : -request-
9/24/2021 10:00:25 PM : /stat request...
9/24/2021 10:00:25 PM : recieving proxy response...
9/24/2021 10:00:25 PM : sending proxy response...
9/24/2021 10:00:25 PM : proxy response sended
9/24/2021 10:00:25 PM : -request-
9/24/2021 10:00:25 PM : options request
9/24/2021 10:00:25 PM : -request-
9/24/2021 10:00:25 PM : sending proxy request...
9/24/2021 10:00:25 PM : -request-
9/24/2021 10:00:25 PM : /stat request...
9/24/2021 10:00:25 PM : recieving proxy response...
9/24/2021 10:00:25 PM : sending proxy response...
9/24/2021 10:00:25 PM : proxy response sended
9/24/2021 10:01:11 PM : -request-
9/24/2021 10:01:11 PM : options request
9/24/2021 10:01:11 PM : -request-
9/24/2021 10:01:11 PM : sending proxy request...
9/24/2021 10:01:11 PM : -request-
9/24/2021 10:01:11 PM : /vote request...
9/24/2021 10:01:11 PM : recieving proxy response...
9/24/2021 10:01:11 PM : sending proxy response...
9/24/2021 10:01:11 PM : proxy response sended
9/24/2021 10:01:20 PM : -request-
9/24/2021 10:01:20 PM : options request
9/24/2021 10:01:20 PM : -request-
9/24/2021 10:01:20 PM : sending proxy request...
9/24/2021 10:01:20 PM : -request-
9/24/2021 10:01:20 PM : /vote request...
9/24/2021 10:01:20 PM : recieving proxy response...
9/24/2021 10:01:20 PM : sending proxy response...
9/24/2021 10:01:20 PM : proxy response sended
9/24/2021 10:01:33 PM : -request-
9/24/2021 10:01:33 PM : options request
9/24/2021 10:01:33 PM : -request-
9/24/2021 10:01:33 PM : sending proxy request...
9/24/2021 10:01:33 PM : -request-
9/24/2021 10:01:33 PM : /stat request...
9/24/2021 10:01:33 PM : recieving proxy response...
9/24/2021 10:01:33 PM : sending proxy response...
9/24/2021 10:01:33 PM : proxy response sended
9/24/2021 10:02:20 PM : -request-
9/24/2021 10:02:20 PM : options request
9/24/2021 10:02:20 PM : -request-
9/24/2021 10:02:20 PM : sending proxy request...
9/24/2021 10:02:20 PM : -request-
9/24/2021 10:02:20 PM : /vote request...
9/24/2021 10:02:20 PM : recieving proxy response...
9/24/2021 10:02:20 PM : sending proxy response...
9/24/2021 10:02:20 PM : proxy response sended
9/24/2021 10:02:38 PM : -request-
9/24/2021 10:02:38 PM : options request
9/24/2021 10:02:38 PM : -request-
9/24/2021 10:02:38 PM : sending proxy request...
9/24/2021 10:02:38 PM : -request-
9/24/2021 10:02:38 PM : /stat request...
9/24/2021 10:02:38 PM : recieving proxy response...
9/24/2021 10:02:38 PM : sending proxy response...
9/24/2021 10:02:38 PM : proxy response sended
9/24/2021 10:03:30 PM : -request-
9/24/2021 10:03:30 PM : options request
9/24/2021 10:03:30 PM : -request-
9/24/2021 10:03:30 PM : sending proxy request...
9/24/2021 10:03:30 PM : -request-
9/24/2021 10:03:30 PM : /message request...
9/24/2021 10:03:30 PM : recieving proxy response...
9/24/2021 10:03:30 PM : sending proxy response...
9/24/2021 10:03:30 PM : proxy response sended
9/24/2021 10:05:19 PM : -request-
9/24/2021 10:05:19 PM : options request
9/24/2021 10:05:19 PM : -request-
9/24/2021 10:05:19 PM : sending proxy request...
9/24/2021 10:05:19 PM : recieving proxy response...
9/24/2021 10:05:19 PM : sending proxy response...
9/24/2021 10:05:19 PM : proxy response sended
9/24/2021 10:09:54 PM : -request-
9/24/2021 10:09:54 PM : options request
9/24/2021 10:09:54 PM : -request-
9/24/2021 10:09:54 PM : sending proxy request...
9/24/2021 10:10:35 PM : -request-
9/24/2021 10:10:35 PM : options request
9/24/2021 10:10:35 PM : -request-
9/24/2021 10:10:35 PM : sending proxy request...
9/24/2021 10:10:35 PM : -request-
9/24/2021 10:10:35 PM : /stat request...
9/24/2021 10:10:35 PM : recieving proxy response...
9/24/2021 10:10:35 PM : sending proxy response...
9/24/2021 10:10:35 PM : proxy response sended
9/24/2021 10:12:58 PM : -request-
9/24/2021 10:20:09 PM : -request-
9/24/2021 10:20:09 PM : options request
9/24/2021 10:20:09 PM : -request-
9/24/2021 10:20:09 PM : sending proxy request...
9/24/2021 10:20:09 PM : -request-
9/24/2021 10:20:09 PM : /stat request...
9/24/2021 10:20:10 PM : recieving proxy response...
9/24/2021 10:20:10 PM : sending proxy response...
9/24/2021 10:20:10 PM : proxy response sended
9/24/2021 10:21:47 PM : -request-
9/24/2021 10:21:47 PM : options request
9/24/2021 10:21:47 PM : -request-
9/24/2021 10:21:47 PM : sending proxy request...
9/24/2021 10:21:47 PM : -request-
9/24/2021 10:21:47 PM : /stat request...
9/24/2021 10:21:47 PM : recieving proxy response...
9/24/2021 10:21:47 PM : sending proxy response...
9/24/2021 10:21:47 PM : proxy response sended
9/24/2021 10:21:55 PM : -request-
9/24/2021 10:21:55 PM : options request
9/24/2021 10:21:55 PM : -request-
9/24/2021 10:21:55 PM : sending proxy request...
9/24/2021 10:21:55 PM : -request-
9/24/2021 10:21:55 PM : /stat request...
9/24/2021 10:21:55 PM : recieving proxy response...
9/24/2021 10:21:55 PM : sending proxy response...
9/24/2021 10:21:55 PM : proxy response sended
9/24/2021 10:22:52 PM : -request-
9/24/2021 10:22:52 PM : options request
9/24/2021 10:22:52 PM : -request-
9/24/2021 10:22:52 PM : sending proxy request...
9/24/2021 10:24:05 PM : -request-
9/24/2021 10:24:05 PM : options request
9/24/2021 10:24:05 PM : -request-
9/24/2021 10:24:05 PM : sending proxy request...
9/24/2021 10:24:05 PM : -request-
9/24/2021 10:24:05 PM : /message request...
9/24/2021 10:24:05 PM : recieving proxy response...
9/24/2021 10:24:05 PM : sending proxy response...
9/24/2021 10:24:05 PM : proxy response sended
9/24/2021 10:25:32 PM : -request-
9/24/2021 10:25:32 PM : options request
9/24/2021 10:25:32 PM : -request-
9/24/2021 10:25:32 PM : sending proxy request...
9/24/2021 10:25:32 PM : -request-
9/24/2021 10:25:32 PM : /stat request...
9/24/2021 10:25:32 PM : recieving proxy response...
9/24/2021 10:25:32 PM : sending proxy response...
9/24/2021 10:25:32 PM : proxy response sended
9/24/2021 10:27:44 PM : ---web server 4095: running on port 8180---
9/24/2021 10:27:46 PM : -request-
9/24/2021 10:27:46 PM : options request
9/24/2021 10:27:46 PM : -request-
9/24/2021 10:27:46 PM : sending proxy request...
9/24/2021 10:29:03 PM : ---web server 4095: running on port 8180---
9/24/2021 10:29:04 PM : -request-
9/24/2021 10:29:04 PM : sending proxy request...
9/24/2021 10:29:04 PM : recieving proxy response...
9/24/2021 10:29:04 PM : sending proxy response...
9/24/2021 10:29:09 PM : -request-
9/24/2021 10:29:09 PM : options request
9/24/2021 10:29:09 PM : -request-
9/24/2021 10:29:09 PM : sending proxy request...
9/24/2021 10:29:09 PM : recieving proxy response...
9/24/2021 10:29:09 PM : sending proxy response...
9/24/2021 10:30:09 PM : ---web server 4095: running on port 8180---
9/24/2021 10:30:13 PM : -request-
9/24/2021 10:30:13 PM : options request
9/24/2021 10:30:13 PM : -request-
9/24/2021 10:30:13 PM : sending proxy request...
9/24/2021 10:31:49 PM : -request-
9/24/2021 10:31:49 PM : options request
9/24/2021 10:31:49 PM : -request-
9/24/2021 10:31:49 PM : sending proxy request...
9/24/2021 10:32:25 PM : -request-
9/24/2021 10:32:25 PM : options request
9/24/2021 10:32:25 PM : -request-
9/24/2021 10:32:25 PM : sending proxy request...
9/24/2021 10:32:25 PM : -request-
9/24/2021 10:32:25 PM : /stat request...
9/24/2021 10:32:25 PM : recieving proxy response...
9/24/2021 10:32:25 PM : sending proxy response...
9/24/2021 10:32:25 PM : proxy response sended
